#
# A fatal error has been detected by the Java Runtime Environment:
#
#  EXCEPTION_ACCESS_VIOLATION (0xc0000005) at pc=0x00007ffc10022224, pid=34132, tid=17844
#
# JRE version: Java(TM) SE Runtime Environment (23.0.1+11) (build 23.0.1+11-39)
# Java VM: Java HotSpot(TM) 64-Bit Server VM (23.0.1+11-39, mixed mode, sharing, tiered, compressed oops, compressed class ptrs, g1 gc, windows-amd64)
# Problematic frame:
# C  [native.dll+0x2224]
#
# No core dump will be written. Minidumps are not enabled by default on client versions of Windows
#
# If you would like to submit a bug report, please visit:
#   https://bugreport.java.com/bugreport/crash.jsp
# The crash happened outside the Java Virtual Machine in native code.
# See problematic frame for where to report the bug.
#

---------------  S U M M A R Y ------------

Command Line: -Djava.library.path=. --enable-native-access=ALL-UNNAMED --add-modules=ALL-DEFAULT jdk.compiler/com.sun.tools.javac.launcher.SourceLauncher Main.java

Host: 11th Gen Intel(R) Core(TM) i7-11700K @ 3.60GHz, 16 cores, 31G,  Windows 11 , 64 bit Build 26100 (10.0.26100.7019)
Time: Sat Dec 13 00:42:23 2025 Pacific Standard Time elapsed time: 1.288193 seconds (0d 0h 0m 1s)

---------------  T H R E A D  ---------------

Current thread (0x000001c19b6c9550):  JavaThread "main"             [_thread_in_native, id=17844, stack(0x0000002e9da00000,0x0000002e9db00000) (1024K)]

Stack: [0x0000002e9da00000,0x0000002e9db00000],  sp=0x0000002e9dafeec0,  free space=1019k
Native frames: (J=compiled Java code, j=interpreted, Vv=VM code, C=native code)
C  [native.dll+0x2224]  (no source info available)
C  [native.dll+0x1ddd]  (no source info available)
C  [native.dll+0x1f8d]  (no source info available)
C  0x000001c1ab25d307  (no source info available)

The last pc belongs to native method entry point (kind = native) (printed below).
Java frames: (J=compiled Java code, j=interpreted, Vv=VM code)
j  Main.test(II)[D+0
j  Main.main([Ljava/lang/String;)V+43
j  java.lang.invoke.LambdaForm$DMH+0x000001c1c2024400.invokeStatic(Ljava/lang/Object;Ljava/lang/Object;)V+10 java.base@23.0.1
j  java.lang.invoke.LambdaForm$MH+0x000001c1c214d400.invoke(Ljava/lang/Object;Ljava/lang/Object;Ljava/lang/Object;)Ljava/lang/Object;+33 java.base@23.0.1
j  java.lang.invoke.Invokers$Holder.invokeExact_MT(Ljava/lang/Object;Ljava/lang/Object;Ljava/lang/Object;Ljava/lang/Object;)Ljava/lang/Object;+20 java.base@23.0.1
j  jdk.internal.reflect.DirectMethodHandleAccessor.invokeImpl(Ljava/lang/Object;[Ljava/lang/Object;)Ljava/lang/Object;+55 java.base@23.0.1
j  jdk.internal.reflect.DirectMethodHandleAccessor.invoke(Ljava/lang/Object;[Ljava/lang/Object;)Ljava/lang/Object;+23 java.base@23.0.1
j  java.lang.reflect.Method.invoke(Ljava/lang/Object;[Ljava/lang/Object;)Ljava/lang/Object;+102 java.base@23.0.1
j  com.sun.tools.javac.launcher.SourceLauncher.execute(Lcom/sun/tools/javac/launcher/MemoryContext;[Ljava/lang/String;)Ljava/lang/Class;+447 jdk.compiler@23.0.1
j  com.sun.tools.javac.launcher.SourceLauncher.run([Ljava/lang/String;[Ljava/lang/String;)Lcom/sun/tools/javac/launcher/Result;+62 jdk.compiler@23.0.1
j  com.sun.tools.javac.launcher.SourceLauncher.main([Ljava/lang/String;)V+17 jdk.compiler@23.0.1
v  ~StubRoutines::call_stub 0x000001c1ab250fcd

siginfo: EXCEPTION_ACCESS_VIOLATION (0xc0000005), reading address 0x000001c1fffffffb


Registers:
RAX=0x000001c20813b270, RBX=0x0000000000989680, RCX=0x0000002e9dafef38, RDX=0x000000000002009b
RSP=0x0000002e9dafeec0, RBP=0x0000002e9daff0d8, RSI=0x000001c1fffffffb, RDI=0x000001c200000003
R8 =0xdfbffebfff7271f5, R9 =0x000000000000002d, R10=0x0000000000000000, R11=0x0000002e9dafee70
R12=0x0000000000000000, R13=0x000001c202af86b8, R14=0x3ff0000000000000, R15=0x000001c19b6c9550
RIP=0x00007ffc10022224, EFLAGS=0x0000000000010206


Register to memory mapping:

RAX=0x000001c20813b270 points into unknown readable memory: 0x0000000000000000 | 00 00 00 00 00 00 00 00
RBX=0x0000000000989680 is an unknown value
RCX=0x0000002e9dafef38 is pointing into the stack for thread: 0x000001c19b6c9550
RDX=0x000000000002009b is an unknown value
RSP=0x0000002e9dafeec0 is pointing into the stack for thread: 0x000001c19b6c9550
RBP=0x0000002e9daff0d8 is pointing into the stack for thread: 0x000001c19b6c9550
RSI=0x000001c1fffffffb is an unknown value
RDI=0x000001c200000003 is an unknown value
R8 =0xdfbffebfff7271f5 is an unknown value
R9 =0x000000000000002d is an unknown value
R10=0x0 is null
R11=0x0000002e9dafee70 is pointing into the stack for thread: 0x000001c19b6c9550
R12=0x0 is null
R13={method} {0x000001c202af86c0} 'test' '(II)[D' in 'Main'
R14=0x3ff0000000000000 is an unknown value
R15=0x000001c19b6c9550 is a thread

Top of Stack: (sp=0x0000002e9dafeec0)
0x0000002e9dafeec0:   0000000000000098 00007ffc1002a333
0x0000002e9dafeed0:   000001c19b6c9550 3ff0000000000000
0x0000002e9dafeee0:   0000000000989680 000001c221d6f040
0x0000002e9dafeef0:   00000000003a9800 00007ffc10021ddd
0x0000002e9dafef00:   0000000000989680 00000000003a9800
0x0000002e9dafef10:   000001c221d6f040 0000002e9dafedc8
0x0000002e9dafef20:   0000000000000000 0000000800004000
0x0000002e9dafef30:   0000000800400000 0000000000000001
0x0000002e9dafef40:   000001c20813b270 0000000000000000
0x0000002e9dafef50:   4024000000000000 0000000000000000
0x0000002e9dafef60:   4024000000000000 3ff0000000000000
0x0000002e9dafef70:   3ff0000000000000 000001c19b6c9550
0x0000002e9dafef80:   0000000100000000 000001c200000003
0x0000002e9dafef90:   5447d83344493af1 0000000000000000
0x0000002e9dafefa0:   7f4881ef5486ab2d 0000000000000000
0x0000002e9dafefb0:   f852d97449abdba9 0000000000000000
0x0000002e9dafefc0:   c2f477b1b2ca6850 0000000000000000
0x0000002e9dafefd0:   0000002e9daff0d8 000001c202af86b8
0x0000002e9dafefe0:   0000000000000190 000001c19b6c9910
0x0000002e9dafeff0:   0000000000000190 00007ffc10021f8d
0x0000002e9daff000:   000001c202af86b8 000001c19b6c9550
0x0000002e9daff010:   000001c1ab25889a 000001c1ab25d178
0x0000002e9daff020:   000001c202af86b8 000001c202af86b8
0x0000002e9daff030:   000001c1ab25889a 0000000000000000
0x0000002e9daff040:   0000002e9daff108 000001c1ab25d307
0x0000002e9daff050:   000001c1ab25889a 000001c1ab25cfde
0x0000002e9daff060:   000001c202af86b8 0000000000000000
0x0000002e9daff070:   000001c1ab25889a 00000000000000b7
0x0000002e9daff080:   000001c202af8628 000001c1ab25cf9b
0x0000002e9daff090:   fffffffffffffff7 000001c202af86b8
0x0000002e9daff0a0:   0000000000000006 000001c202af91f8
0x0000002e9daff0b0:   0000000000000000 00000006218386f0 

Instructions: (pc=0x00007ffc10022224)
0x00007ffc10022124:   af 02 00 0f 11 74 24 38 0f 11 74 24 28 48 c7 44
0x00007ffc10022134:   24 48 00 00 00 00 c7 44 24 20 ff ff ff ff 48 8d
0x00007ffc10022144:   15 c7 be 02 00 4c 8d 05 22 bf 02 00 48 89 f1 4d
0x00007ffc10022154:   89 c1 e8 65 af 02 00 48 8d 0d 1e 00 00 00 0f 28
0x00007ffc10022164:   74 24 50 48 83 c4 60 5e e9 6f 87 00 00 66 66 66
0x00007ffc10022174:   66 66 66 2e 0f 1f 84 00 00 00 00 00 48 83 ec 28
0x00007ffc10022184:   48 8b 0d fd e0 03 00 48 85 c9 74 10 e8 3b af 02
0x00007ffc10022194:   00 48 c7 05 e8 e0 03 00 00 00 00 00 48 83 c4 28
0x00007ffc100221a4:   c3 cc cc cc cc cc cc cc cc cc cc cc 56 57 53 48
0x00007ffc100221b4:   83 ec 30 48 89 ce 48 89 54 24 58 4c 89 44 24 60
0x00007ffc100221c4:   4c 89 4c 24 68 48 8d 5c 24 58 48 89 5c 24 28 b9
0x00007ffc100221d4:   01 00 00 00 e8 bf b1 00 00 48 89 c7 e8 bb 08 00
0x00007ffc100221e4:   00 48 8b 08 48 89 5c 24 20 48 89 fa 49 89 f0 45
0x00007ffc100221f4:   31 c9 e8 c1 b3 00 00 90 48 83 c4 30 5b 5f 5e c3
0x00007ffc10022204:   cc cc cc cc cc cc cc cc cc cc cc cc 56 57 53 48
0x00007ffc10022214:   83 ec 20 48 8b 79 50 48 85 ff 74 3e 48 8d 77 f8
0x00007ffc10022224:   48 8b 47 f8 48 85 c0 74 22 48 83 c7 a8 48 6b d8
0x00007ffc10022234:   58 66 66 2e 0f 1f 84 00 00 00 00 00 48 8d 0c 1f
0x00007ffc10022244:   e8 c7 ff ff ff 48 83 c3 a8 75 f1 48 89 f1 48 83
0x00007ffc10022254:   c4 20 5b 5f 5e e9 fa 80 00 00 90 48 83 c4 20 5b
0x00007ffc10022264:   5f 5e c3 cc cc cc cc cc cc cc cc cc 55 56 57 53
0x00007ffc10022274:   48 83 ec 38 48 8d 6c 24 30 48 c7 45 00 fe ff ff
0x00007ffc10022284:   ff 48 89 ce 48 63 fa b9 58 00 00 00 48 89 f8 48
0x00007ffc10022294:   f7 e1 0f 90 c1 48 83 c0 08 48 c7 c3 ff ff ff ff
0x00007ffc100222a4:   48 0f 42 c3 c6 06 00 84 c9 48 0f 44 d8 b9 98 00
0x00007ffc100222b4:   00 00 e8 59 80 00 00 48 89 46 08 89 7e 48 48 89
0x00007ffc100222c4:   d9 e8 c2 80 00 00 48 89 38 85 ff 74 43 48 6b ff
0x00007ffc100222d4:   58 31 c9 48 89 45 f8 0f 1f 44 00 00 48 89 4d f0
0x00007ffc100222e4:   c6 44 08 08 00 b9 98 00 00 00 e8 21 80 00 00 48
0x00007ffc100222f4:   8b 4d f0 48 8b 55 f8 48 89 44 0a 10 c7 44 0a 50
0x00007ffc10022304:   08 00 00 00 48 83 c1 58 48 39 cf 48 89 d0 75 cc
0x00007ffc10022314:   48 83 c0 08 48 89 46 50 48 89 f0 48 83 c4 38 5b 


Stack slot to memory mapping:

stack at sp + 0 slots: 0x0000000000000098 is an unknown value
stack at sp + 1 slots: 0x00007ffc1002a333 native.dll
stack at sp + 2 slots: 0x000001c19b6c9550 is a thread
stack at sp + 3 slots: 0x3ff0000000000000 is an unknown value
stack at sp + 4 slots: 0x0000000000989680 is an unknown value
stack at sp + 5 slots: 0x000001c221d6f040 points into unknown readable memory: 0x0000000000000000 | 00 00 00 00 00 00 00 00
stack at sp + 6 slots: 0x00000000003a9800 is an unknown value
stack at sp + 7 slots: 0x00007ffc10021ddd native.dll

Lock stack of current Java thread (top to bottom):

native method entry point (kind = native)  [0x000001c1ab25cee0, 0x000001c1ab25db38]  3160 bytes
[MachCode]
  0x000001c1ab25cee0: 488b 4b08 | 0fb7 492e | 584c 8d74 | ccf8 6800 | 0000 0068 | 0000 0000 | 5055 488b | ec41 5568 
  0x000001c1ab25cf00: 0000 0000 | 4c8b 6b08 | 4d8d 6d38 | 5348 8b53 | 0848 8b52 | 0848 8b52 | 1848 8b52 | 7048 8b12 
  0x000001c1ab25cf20: 5248 8b53 | 1048 85d2 | 0f84 0700 | 0000 4881 | c210 0100 | 0052 488b | 5308 488b | 5208 488b 
  0x000001c1ab25cf40: 5210 5249 | 8bc6 482b | c548 c1e8 | 0350 6800 | 0000 0068 | f7ff ffff | 41c6 8771 | 0400 0001 
  0x000001c1ab25cf60: 488b 4310 | 4885 c074 | 208b 88cc | 0000 0083 | c102 8988 | cc00 0000 | 2388 e000 | 0000 0f84 
  0x000001c1ab25cf80: 000b 0000 | e9cf 0000 | 0048 8b43 | 1848 85c0 | 0f85 b000 | 0000 e805 | 0000 00e9 | 9900 0000 
  0x000001c1ab25cfa0: 488b d348 | 8d44 2408 | 4c89 6dc0 | 498b cfc5 | f877 4989 | afb0 0300 | 0049 8987 | a003 0000 
  0x000001c1ab25cfc0: 4883 ec20 | 40f6 c40f | 0f84 1900 | 0000 4883 | ec08 48b8 | 9026 c054 | fb7f 0000 | ffd0 4883 
  0x000001c1ab25cfe0: c408 e90c | 0000 0048 | b890 26c0 | 54fb 7f00 | 00ff d048 | 83c4 2049 | c787 a003 | 0000 0000 
  0x000001c1ab25d000: 0000 49c7 | 87b0 0300 | 0000 0000 | 0049 c787 | a803 0000 | 0000 0000 | c5f8 7749 | 837f 0800 
  0x000001c1ab25d020: 0f84 0500 | 0000 e995 | 3eff ff4c | 8b6d c04c | 8b75 c84e | 8d74 f500 | c348 8b43 | 1848 85c0 
  0x000001c1ab25d040: 0f84 1200 | 0000 8b48 | 0883 c102 | 8948 0823 | 481c 0f84 | 2c0a 0000 | 493b a7e8 | 0400 000f 
  0x000001c1ab25d060: 8748 0000 | 0089 8424 | 00f0 ffff | 8984 2400 | e0ff ff89 | 8424 00d0 | ffff 8984 | 2400 c0ff 
  0x000001c1ab25d080: ff89 8424 | 00b0 ffff | 8984 2400 | a0ff ff89 | 8424 0090 | ffff 8984 | 2400 80ff | ff49 3ba7 
  0x000001c1ab25d0a0: e004 0000 | 7607 4989 | a7e8 0400 | 0041 c687 | 7104 0000 | 0049 ba41 | ad47 55fb | 7f00 0041 
  0x000001c1ab25d0c0: 803a 000f | 843e 0000 | 0048 8b55 | e849 8bcf | 4883 ec20 | 40f6 c40f | 0f84 1900 | 0000 4883 
  0x000001c1ab25d0e0: ec08 48b8 | 10ee f754 | fb7f 0000 | ffd0 4883 | c408 e90c | 0000 0048 | b810 eef7 | 54fb 7f00 
  0x000001c1ab25d100: 00ff d048 | 83c4 2048 | 8b5d e84c | 8b5b 0845 | 0fb7 5b2e | 41c1 e303 | 492b e348 | 83ec 2048 
  0x000001c1ab25d120: 83e4 f04c | 8b5b 604d | 85db 0f85 | ab00 0000 | e805 0000 | 00e9 9900 | 0000 488b | d348 8d44 
  0x000001c1ab25d140: 2408 4c89 | 6dc0 498b | cfc5 f877 | 4989 afb0 | 0300 0049 | 8987 a003 | 0000 4883 | ec20 40f6 
  0x000001c1ab25d160: c40f 0f84 | 1900 0000 | 4883 ec08 | 48b8 f04d | c054 fb7f | 0000 ffd0 | 4883 c408 | e90c 0000 
  0x000001c1ab25d180: 0048 b8f0 | 4dc0 54fb | 7f00 00ff | d048 83c4 | 2049 c787 | a003 0000 | 0000 0000 | 49c7 87b0 
  0x000001c1ab25d1a0: 0300 0000 | 0000 0049 | c787 a803 | 0000 0000 | 0000 c5f8 | 7749 837f | 0800 0f84 | 0500 0000 
  0x000001c1ab25d1c0: e9fb 3cff | ff4c 8b6d | c04c 8b75 | c84e 8d74 | f500 c348 | 8b5d e84c | 8b5b 6041 | ffd3 488b 
  0x000001c1ab25d1e0: 5de8 4889 | 4518 448b | 5b28 41f6 | c308 0f84 | 1b00 0000 | 4c8b 5b08 | 4d8b 5b08 | 4d8b 5b18 
  0x000001c1ab25d200: 4d8b 5b70 | 4d8b 1b4c | 895d 1048 | 8d55 1048 | 8b43 5849 | ba60 3cf8 | 54fb 7f00 | 0049 3bc2 
  0x000001c1ab25d220: 0f85 ab00 | 0000 e805 | 0000 00e9 | 9900 0000 | 488b d348 | 8d44 2408 | 4c89 6dc0 | 498b cfc5 
  0x000001c1ab25d240: f877 4989 | afb0 0300 | 0049 8987 | a003 0000 | 4883 ec20 | 40f6 c40f | 0f84 1900 | 0000 4883 
  0x000001c1ab25d260: ec08 48b8 | f04d c054 | fb7f 0000 | ffd0 4883 | c408 e90c | 0000 0048 | b8f0 4dc0 | 54fb 7f00 
  0x000001c1ab25d280: 00ff d048 | 83c4 2049 | c787 a003 | 0000 0000 | 0000 49c7 | 87b0 0300 | 0000 0000 | 0049 c787 
  0x000001c1ab25d2a0: a803 0000 | 0000 0000 | c5f8 7749 | 837f 0800 | 0f84 0500 | 0000 e905 | 3cff ff4c | 8b6d c04c 
  0x000001c1ab25d2c0: 8b75 c84e | 8d74 f500 | c348 8b5d | e848 8b43 | 5849 8d8f | c003 0000 | c5f8 7749 | 89af b003 
  0x000001c1ab25d2e0: 0000 49ba | d8d2 25ab | c101 0000 | 4d89 97a8 | 0300 0049 | 89a7 a003 | 0000 41c7 | 8744 0400 
  0x000001c1ab25d300: 0004 0000 | 00ff d0c5 | f877 4883 | ec10 c5fb | 1104 2448 | 83ec 1048 | 8904 2448 | c744 2408 
  0x000001c1ab25d320: 0000 0000 | 41c7 8744 | 0400 0005 | 0000 00f0 | 8344 24c0 | 0049 3baf | 4804 0000 | 0f87 0e00 
  0x000001c1ab25d340: 0000 4183 | bf40 0400 | 0000 0f84 | 2000 0000 | 498b cf4c | 8be4 4883 | ec20 4883 | e4f0 48b8 
  0x000001c1ab25d360: 90a9 c154 | fb7f 0000 | ffd0 498b | e44d 33e4 | 41c7 8744 | 0400 0008 | 0000 0049 | c787 a003 
  0x000001c1ab25d380: 0000 0000 | 0000 49c7 | 87b0 0300 | 0000 0000 | 0049 c787 | a803 0000 | 0000 0000 | c5f8 774d 
  0x000001c1ab25d3a0: 8b9f 3004 | 0000 41c7 | 8300 0100 | 0000 0000 | 0049 bbda | a525 abc1 | 0100 004c | 3b5d 180f 
  0x000001c1ab25d3c0: 8524 0300 | 0048 8b04 | 2448 83c4 | 1048 85c0 | 0f84 fe02 | 0000 a803 | 0f85 0800 | 0000 488b 
  0x000001c1ab25d3e0: 00e9 ee02 | 0000 a801 | 0f85 0900 | 0000 488b | 40fe e9dd | 0200 0048 | 8b40 ff41 | 807f 3800 
  0x000001c1ab25d400: 0f84 ce02 | 0000 4883 | f800 0f84 | c402 0000 | 4d8b 5f28 | 4983 fb00 | 0f84 1400 | 0000 4983 
  0x000001c1ab25d420: eb08 4d89 | 5f28 4d03 | 5f30 4989 | 03e9 a202 | 0000 4881 | ec50 0100 | 0048 8904 | 2448 894c 
  0x000001c1ab25d440: 2408 4889 | 5424 1048 | 8974 2418 | 4889 7c24 | 204c 8944 | 2428 4c89 | 4c24 304c | 8954 2438 
  0x000001c1ab25d460: 4c89 5c24 | 40c5 fb11 | 4424 50c5 | fb11 4c24 | 58c5 fb11 | 5424 60c5 | fb11 5c24 | 68c5 fb11 
  0x000001c1ab25d480: 6424 70c5 | fb11 6c24 | 78c5 fb11 | b424 8000 | 0000 c5fb | 11bc 2488 | 0000 00c5 | 7b11 8424 
  0x000001c1ab25d4a0: 9000 0000 | c57b 118c | 2498 0000 | 00c5 7b11 | 9424 a000 | 0000 c57b | 119c 24a8 | 0000 00c5 
  0x000001c1ab25d4c0: 7b11 a424 | b000 0000 | c57b 11ac | 24b8 0000 | 00c5 7b11 | b424 c000 | 0000 c57b | 11bc 24c8 
  0x000001c1ab25d4e0: 0000 0062 | e1ff 0811 | 4424 1a62 | e1ff 0811 | 4c24 1b62 | e1ff 0811 | 5424 1c62 | e1ff 0811 
  0x000001c1ab25d500: 5c24 1d62 | e1ff 0811 | 6424 1e62 | e1ff 0811 | 6c24 1f62 | e1ff 0811 | 7424 2062 | e1ff 0811 
  0x000001c1ab25d520: 7c24 2162 | 61ff 0811 | 4424 2262 | 61ff 0811 | 4c24 2362 | 61ff 0811 | 5424 2462 | 61ff 0811 
  0x000001c1ab25d540: 5c24 2562 | 61ff 0811 | 6424 2662 | 61ff 0811 | 6c24 2762 | 61ff 0811 | 7424 2862 | 61ff 0811 
  0x000001c1ab25d560: 7c24 2949 | 8bd7 488b | c848 83ec | 2040 f6c4 | 0f0f 8419 | 0000 0048 | 83ec 0848 | b8e0 07b5 
  0x000001c1ab25d580: 54fb 7f00 | 00ff d048 | 83c4 08e9 | 0c00 0000 | 48b8 e007 | b554 fb7f | 0000 ffd0 | 4883 c420 
  0x000001c1ab25d5a0: 6261 ff08 | 107c 2429 | 6261 ff08 | 1074 2428 | 6261 ff08 | 106c 2427 | 6261 ff08 | 1064 2426 
  0x000001c1ab25d5c0: 6261 ff08 | 105c 2425 | 6261 ff08 | 1054 2424 | 6261 ff08 | 104c 2423 | 6261 ff08 | 1044 2422 
  0x000001c1ab25d5e0: 62e1 ff08 | 107c 2421 | 62e1 ff08 | 1074 2420 | 62e1 ff08 | 106c 241f | 62e1 ff08 | 1064 241e 
  0x000001c1ab25d600: 62e1 ff08 | 105c 241d | 62e1 ff08 | 1054 241c | 62e1 ff08 | 104c 241b | 62e1 ff08 | 1044 241a 
  0x000001c1ab25d620: c57b 10bc | 24c8 0000 | 00c5 7b10 | b424 c000 | 0000 c57b | 10ac 24b8 | 0000 00c5 | 7b10 a424 
  0x000001c1ab25d640: b000 0000 | c57b 109c | 24a8 0000 | 00c5 7b10 | 9424 a000 | 0000 c57b | 108c 2498 | 0000 00c5 
  0x000001c1ab25d660: 7b10 8424 | 9000 0000 | c5fb 10bc | 2488 0000 | 00c5 fb10 | b424 8000 | 0000 c5fb | 106c 2478 
  0x000001c1ab25d680: c5fb 1064 | 2470 c5fb | 105c 2468 | c5fb 1054 | 2460 c5fb | 104c 2458 | c5fb 1044 | 2450 4c8b 
  0x000001c1ab25d6a0: 5c24 404c | 8b54 2438 | 4c8b 4c24 | 304c 8b44 | 2428 488b | 7c24 2048 | 8b74 2418 | 488b 5424 
  0x000001c1ab25d6c0: 1048 8b4c | 2408 488b | 0424 4881 | c450 0100 | 00c5 f877 | 4889 4510 | 4883 ec10 | 4889 0424 
  0x000001c1ab25d6e0: 48c7 4424 | 0800 0000 | 0041 83bf | c804 0000 | 020f 85bf | 0000 0048 | 81ec 8000 | 0000 4889 
  0x000001c1ab25d700: 4424 7848 | 894c 2470 | 4889 5424 | 6848 895c | 2460 4889 | 6c24 5048 | 8974 2448 | 4889 7c24 
  0x000001c1ab25d720: 404c 8944 | 2438 4c89 | 4c24 304c | 8954 2428 | 4c89 5c24 | 204c 8964 | 2418 4c89 | 6c24 104c 
  0x000001c1ab25d740: 8974 2408 | 4c89 3c24 | 4c8b e448 | 83ec 2048 | 83e4 f048 | b8c0 22f8 | 54fb 7f00 | 00ff d049 
  0x000001c1ab25d760: 8be4 4c8b | 3c24 4c8b | 7424 084c | 8b6c 2410 | 4c8b 6424 | 184c 8b5c | 2420 4c8b | 5424 284c 
  0x000001c1ab25d780: 8b4c 2430 | 4c8b 4424 | 3848 8b7c | 2440 488b | 7424 4848 | 8b6c 2450 | 488b 5c24 | 6048 8b54 
  0x000001c1ab25d7a0: 2468 488b | 4c24 7048 | 8b44 2478 | 4881 c480 | 0000 004d | 33e4 488b | 5de8 4c8b | 6b08 4d8d 
  0x000001c1ab25d7c0: 6d38 4983 | 7f08 000f | 84bb 0000 | 00e8 0500 | 0000 e996 | 0000 0048 | 8d44 2408 | 4c89 6dc0 
  0x000001c1ab25d7e0: 498b cfc5 | f877 4989 | afb0 0300 | 0049 8987 | a003 0000 | 4883 ec20 | 40f6 c40f | 0f84 1900 
  0x000001c1ab25d800: 0000 4883 | ec08 48b8 | 006c c054 | fb7f 0000 | ffd0 4883 | c408 e90c | 0000 0048 | b800 6cc0 
  0x000001c1ab25d820: 54fb 7f00 | 00ff d048 | 83c4 2049 | c787 a003 | 0000 0000 | 0000 49c7 | 87b0 0300 | 0000 0000 
  0x000001c1ab25d840: 0049 c787 | a803 0000 | 0000 0000 | c5f8 7749 | 837f 0800 | 0f84 0500 | 0000 e961 | 36ff ff4c 
  0x000001c1ab25d860: 8b6d c04c | 8b75 c84e | 8d74 f500 | c348 b940 | d51f 55fb | 7f00 0048 | 83e4 f048 | b870 4ae6 
  0x000001c1ab25d880: 54fb 7f00 | 00ff d0f4 | 448b 5b28 | 41f6 c320 | 0f84 7901 | 0000 488d | 55a8 4c8b | 5a08 4d85 
  0x000001c1ab25d8a0: db0f 85bb | 0000 00e8 | 0500 0000 | e996 0000 | 0048 8d44 | 2408 4c89 | 6dc0 498b | cfc5 f877 
  0x000001c1ab25d8c0: 4989 afb0 | 0300 0049 | 8987 a003 | 0000 4883 | ec20 40f6 | c40f 0f84 | 1900 0000 | 4883 ec08 
  0x000001c1ab25d8e0: 48b8 306b | c054 fb7f | 0000 ffd0 | 4883 c408 | e90c 0000 | 0048 b830 | 6bc0 54fb | 7f00 00ff 
  0x000001c1ab25d900: d048 83c4 | 2049 c787 | a003 0000 | 0000 0000 | 49c7 87b0 | 0300 0000 | 0000 0049 | c787 a803 
  0x000001c1ab25d920: 0000 0000 | 0000 c5f8 | 7749 837f | 0800 0f84 | 0500 0000 | e987 35ff | ff4c 8b6d | c04c 8b75 
  0x000001c1ab25d940: c84e 8d74 | f500 c348 | b940 d51f | 55fb 7f00 | 0048 83e4 | f048 b870 | 4ae6 54fb | 7f00 00ff 
  0x000001c1ab25d960: d0f4 4c89 | 6dc0 4c8b | 4a08 48c7 | 4208 0000 | 0000 458b | 8718 0600 | 004f 3b4c | 07f8 0f85 
  0x000001c1ab25d980: 4900 0000 | 4183 af18 | 0600 0008 | 4f3b 4c07 | f00f 842a | 0000 0049 | 8b01 a802 | 0f85 1200 
  0x000001c1ab25d9a0: 0000 4c8b | c049 83c8 | 01f0 4d0f | b101 0f84 | 0d00 0000 | 4183 8718 | 0600 0008 | e90c 0000 
  0x000001c1ab25d9c0: 0049 ff8f | 5005 0000 | e93e 0000 | 004c 894a | 0848 8bca | 4883 ec20 | 40f6 c40f | 0f84 1900 
  0x000001c1ab25d9e0: 0000 4883 | ec08 48b8 | f03d c054 | fb7f 0000 | ffd0 4883 | c408 e90c | 0000 0048 | b8f0 3dc0 
  0x000001c1ab25da00: 54fb 7f00 | 00ff d048 | 83c4 204c | 8b6d c049 | ba41 ad47 | 55fb 7f00 | 0041 803a | 000f 843e 
  0x000001c1ab25da20: 0000 0048 | 8b55 e849 | 8bcf 4883 | ec20 40f6 | c40f 0f84 | 1900 0000 | 4883 ec08 | 48b8 10ee 
  0x000001c1ab25da40: f754 fb7f | 0000 ffd0 | 4883 c408 | e90c 0000 | 0048 b810 | eef7 54fb | 7f00 00ff | d048 83c4 
  0x000001c1ab25da60: 2048 8b04 | 2448 83c4 | 10c5 fb10 | 0424 4883 | c410 4c8b | 5d18 41ff | d34c 8b5d | f8c9 5f49 
  0x000001c1ab25da80: 8be3 ffe7 | ba00 0000 | 00e8 0500 | 0000 e996 | 0000 0048 | 8d44 2408 | 4c89 6dc0 | 498b cfc5 
  0x000001c1ab25daa0: f877 4989 | afb0 0300 | 0049 8987 | a003 0000 | 4883 ec20 | 40f6 c40f | 0f84 1900 | 0000 4883 
  0x000001c1ab25dac0: ec08 48b8 | a031 c054 | fb7f 0000 | ffd0 4883 | c408 e90c | 0000 0048 | b8a0 31c0 | 54fb 7f00 
  0x000001c1ab25dae0: 00ff d048 | 83c4 2049 | c787 a003 | 0000 0000 | 0000 49c7 | 87b0 0300 | 0000 0000 | 0049 c787 
  0x000001c1ab25db00: a803 0000 | 0000 0000 | c5f8 7749 | 837f 0800 | 0f84 0500 | 0000 e9a5 | 33ff ff4c | 8b6d c04c 
  0x000001c1ab25db20: 8b75 c84e | 8d74 f500 | c348 8b5d | e8e9 26f5 | ffff 660f | 1f44 0000 
[/MachCode]

---------------  P R O C E S S  ---------------

Threads class SMR info:
_java_thread_list=0x000001c207226020, length=19, elements={
0x000001c19b6c9550, 0x000001c1c0625ad0, 0x000001c1c0626820, 0x000001c1c062afc0,
0x000001c1c062db20, 0x000001c1c062f4c0, 0x000001c1c0632eb0, 0x000001c1c0633ec0,
0x000001c1c06358f0, 0x000001c1c06a3010, 0x000001c1c07dea90, 0x000001c1c07ea460,
0x000001c1c07eba60, 0x000001c1c085b610, 0x000001c20678f040, 0x000001c2072aedf0,
0x000001c2064bd090, 0x000001c20814c250, 0x000001c2081acb30
}

Java Threads: ( => current thread )
=>0x000001c19b6c9550 JavaThread "main"                              [_thread_in_native, id=17844, stack(0x0000002e9da00000,0x0000002e9db00000) (1024K)]
  0x000001c1c0625ad0 JavaThread "Reference Handler"          daemon [_thread_blocked, id=26544, stack(0x0000002e9e200000,0x0000002e9e300000) (1024K)]
  0x000001c1c0626820 JavaThread "Finalizer"                  daemon [_thread_blocked, id=31032, stack(0x0000002e9e300000,0x0000002e9e400000) (1024K)]
  0x000001c1c062afc0 JavaThread "Signal Dispatcher"          daemon [_thread_blocked, id=34188, stack(0x0000002e9e400000,0x0000002e9e500000) (1024K)]
  0x000001c1c062db20 JavaThread "Attach Listener"            daemon [_thread_blocked, id=35580, stack(0x0000002e9e500000,0x0000002e9e600000) (1024K)]
  0x000001c1c062f4c0 JavaThread "Service Thread"             daemon [_thread_blocked, id=35836, stack(0x0000002e9e600000,0x0000002e9e700000) (1024K)]
  0x000001c1c0632eb0 JavaThread "Monitor Deflation Thread"   daemon [_thread_blocked, id=28896, stack(0x0000002e9e700000,0x0000002e9e800000) (1024K)]
  0x000001c1c0633ec0 JavaThread "C2 CompilerThread0"         daemon [_thread_blocked, id=35592, stack(0x0000002e9e800000,0x0000002e9e900000) (1024K)]
  0x000001c1c06358f0 JavaThread "C1 CompilerThread0"         daemon [_thread_blocked, id=23364, stack(0x0000002e9e900000,0x0000002e9ea00000) (1024K)]
  0x000001c1c06a3010 JavaThread "C1 CompilerThread1"         daemon [_thread_blocked, id=23500, stack(0x0000002e9ea00000,0x0000002e9eb00000) (1024K)]
  0x000001c1c07dea90 JavaThread "Common-Cleaner"             daemon [_thread_blocked, id=17496, stack(0x0000002e9eb00000,0x0000002e9ec00000) (1024K)]
  0x000001c1c07ea460 JavaThread "C1 CompilerThread2"         daemon [_thread_blocked, id=14540, stack(0x0000002e9ec00000,0x0000002e9ed00000) (1024K)]
  0x000001c1c07eba60 JavaThread "C1 CompilerThread3"         daemon [_thread_blocked, id=34712, stack(0x0000002e9ed00000,0x0000002e9ee00000) (1024K)]
  0x000001c1c085b610 JavaThread "Notification Thread"        daemon [_thread_blocked, id=17420, stack(0x0000002e9ef00000,0x0000002e9f000000) (1024K)]
  0x000001c20678f040 JavaThread "Java2D Disposer"            daemon [_thread_blocked, id=25548, stack(0x0000002e9fe00000,0x0000002e9ff00000) (1024K)]
  0x000001c2072aedf0 JavaThread "AWT-Shutdown"                      [_thread_blocked, id=23032, stack(0x0000002e9ff00000,0x0000002ea0000000) (1024K)]
  0x000001c2064bd090 JavaThread "AWT-Windows"                daemon [_thread_in_native, id=10052, stack(0x0000002ea0000000,0x0000002ea0100000) (1024K)]
  0x000001c20814c250 JavaThread "AWT-EventQueue-0"                  [_thread_blocked, id=30740, stack(0x0000002e9ee00000,0x0000002e9ef00000) (1024K)]
  0x000001c2081acb30 JavaThread "D3D Screen Updater"         daemon [_thread_blocked, id=25272, stack(0x0000002e9f000000,0x0000002e9f100000) (1024K)]
Total: 19

Other Threads:
  0x000001c1c060d2a0 VMThread "VM Thread"                           [id=10096, stack(0x0000002e9e100000,0x0000002e9e200000) (1024K)]
  0x000001c1bf801ea0 WatcherThread "VM Periodic Task Thread"        [id=4516, stack(0x0000002e9e000000,0x0000002e9e100000) (1024K)]
  0x000001c19b775e50 WorkerThread "GC Thread#0"                     [id=21756, stack(0x0000002e9db00000,0x0000002e9dc00000) (1024K)]
  0x000001c2067fc400 WorkerThread "GC Thread#1"                     [id=24252, stack(0x0000002e9f300000,0x0000002e9f400000) (1024K)]
  0x000001c2067fda20 WorkerThread "GC Thread#2"                     [id=30656, stack(0x0000002e9f400000,0x0000002e9f500000) (1024K)]
  0x000001c2067fc050 WorkerThread "GC Thread#3"                     [id=26108, stack(0x0000002e9f500000,0x0000002e9f600000) (1024K)]
  0x000001c2067fcb60 WorkerThread "GC Thread#4"                     [id=35676, stack(0x0000002e9f600000,0x0000002e9f700000) (1024K)]
  0x000001c2067fc7b0 WorkerThread "GC Thread#5"                     [id=13356, stack(0x0000002e9f700000,0x0000002e9f800000) (1024K)]
  0x000001c206996d60 WorkerThread "GC Thread#6"                     [id=12428, stack(0x0000002e9f800000,0x0000002e9f900000) (1024K)]
  0x000001c206998380 WorkerThread "GC Thread#7"                     [id=26684, stack(0x0000002e9f900000,0x0000002e9fa00000) (1024K)]
  0x000001c2069974c0 WorkerThread "GC Thread#8"                     [id=35704, stack(0x0000002e9fa00000,0x0000002e9fb00000) (1024K)]
  0x000001c2069995f0 WorkerThread "GC Thread#9"                     [id=34508, stack(0x0000002e9fb00000,0x0000002e9fc00000) (1024K)]
  0x000001c2069999a0 WorkerThread "GC Thread#10"                    [id=35648, stack(0x0000002e9fc00000,0x0000002e9fd00000) (1024K)]
  0x000001c206998e90 WorkerThread "GC Thread#11"                    [id=35824, stack(0x0000002e9fd00000,0x0000002e9fe00000) (1024K)]
  0x000001c19b78ad70 ConcurrentGCThread "G1 Main Marker"            [id=29864, stack(0x0000002e9dc00000,0x0000002e9dd00000) (1024K)]
  0x000001c19b78c7a0 WorkerThread "G1 Conc#0"                       [id=30960, stack(0x0000002e9dd00000,0x0000002e9de00000) (1024K)]
  0x000001c1bf6c5090 ConcurrentGCThread "G1 Refine#0"               [id=31472, stack(0x0000002e9de00000,0x0000002e9df00000) (1024K)]
  0x000001c1bf6c6ac0 ConcurrentGCThread "G1 Service"                [id=33472, stack(0x0000002e9df00000,0x0000002e9e000000) (1024K)]
Total: 18

Threads with active compile tasks:
Total: 0

VM state: not at safepoint (normal execution)

VM Mutex/Monitor currently owned by a thread: None

Heap address: 0x0000000601c00000, size: 8164 MB, Compressed Oops mode: Zero based, Oop shift amount: 3

CDS archive(s) mapped at: [0x000001c1c1000000-0x000001c1c1d70000-0x000001c1c1d70000), size 14090240, SharedBaseAddress: 0x000001c1c1000000, ArchiveRelocationMode: 1.
Compressed class space mapped at: 0x000001c1c2000000-0x000001c202000000, reserved size: 1073741824
Narrow klass base: 0x000001c1c1000000, Narrow klass shift: 0, Narrow klass range: 0x41000000

GC Precious Log:
 CardTable entry size: 512
 Card Set container configuration: InlinePtr #cards 4 size 8 Array Of Cards #cards 32 size 80 Howl #buckets 8 coarsen threshold 7372 Howl Bitmap #cards 1024 size 144 coarsen threshold 921 Card regions per heap region 1 cards per card region 8192
 CPUs: 16 total, 16 available
 Memory: 32649M
 Large Page Support: Disabled
 NUMA Support: Disabled
 Compressed Oops: Enabled (Zero based)
 Heap Region Size: 4M
 Heap Min Capacity: 8M
 Heap Initial Capacity: 512M
 Heap Max Capacity: 8164M
 Pre-touch: Disabled
 Parallel Workers: 13
 Concurrent Workers: 3
 Concurrent Refinement Workers: 13
 Periodic GC: Disabled

Heap:
 garbage-first heap   total reserved 8359936K, committed 524288K, used 8366K [0x0000000601c00000, 0x0000000800000000)
  region size 4096K, 2 young (8192K), 1 survivors (4096K)
 Metaspace       used 15460K, committed 15808K, reserved 1114112K
  class space    used 1813K, committed 1984K, reserved 1048576K

Heap Regions: E=young(eden), S=young(survivor), O=old, HS=humongous(starts), HC=humongous(continues), CS=collection set, F=free, TAMS=top-at-mark-start, PB=parsable bottom
|   0|0x0000000601c00000, 0x0000000602000000, 0x0000000602000000|100%| O|  |TAMS 0x0000000601c00000| PB 0x0000000601c00000| Untracked |  0
|   1|0x0000000602000000, 0x00000006020bab28, 0x0000000602400000| 18%| O|  |TAMS 0x0000000602000000| PB 0x0000000602000000| Untracked |  0
|   2|0x0000000602400000, 0x0000000602400000, 0x0000000602800000|  0%| F|  |TAMS 0x0000000602400000| PB 0x0000000602400000| Untracked |  0
|   3|0x0000000602800000, 0x0000000602800000, 0x0000000602c00000|  0%| F|  |TAMS 0x0000000602800000| PB 0x0000000602800000| Untracked |  0
|   4|0x0000000602c00000, 0x0000000602c00000, 0x0000000603000000|  0%| F|  |TAMS 0x0000000602c00000| PB 0x0000000602c00000| Untracked |  0
|   5|0x0000000603000000, 0x0000000603000000, 0x0000000603400000|  0%| F|  |TAMS 0x0000000603000000| PB 0x0000000603000000| Untracked |  0
|   6|0x0000000603400000, 0x0000000603400000, 0x0000000603800000|  0%| F|  |TAMS 0x0000000603400000| PB 0x0000000603400000| Untracked |  0
|   7|0x0000000603800000, 0x0000000603800000, 0x0000000603c00000|  0%| F|  |TAMS 0x0000000603800000| PB 0x0000000603800000| Untracked |  0
|   8|0x0000000603c00000, 0x0000000603c00000, 0x0000000604000000|  0%| F|  |TAMS 0x0000000603c00000| PB 0x0000000603c00000| Untracked |  0
|   9|0x0000000604000000, 0x0000000604000000, 0x0000000604400000|  0%| F|  |TAMS 0x0000000604000000| PB 0x0000000604000000| Untracked |  0
|  10|0x0000000604400000, 0x0000000604400000, 0x0000000604800000|  0%| F|  |TAMS 0x0000000604400000| PB 0x0000000604400000| Untracked |  0
|  11|0x0000000604800000, 0x0000000604800000, 0x0000000604c00000|  0%| F|  |TAMS 0x0000000604800000| PB 0x0000000604800000| Untracked |  0
|  12|0x0000000604c00000, 0x0000000604c00000, 0x0000000605000000|  0%| F|  |TAMS 0x0000000604c00000| PB 0x0000000604c00000| Untracked |  0
|  13|0x0000000605000000, 0x0000000605000000, 0x0000000605400000|  0%| F|  |TAMS 0x0000000605000000| PB 0x0000000605000000| Untracked |  0
|  14|0x0000000605400000, 0x0000000605400000, 0x0000000605800000|  0%| F|  |TAMS 0x0000000605400000| PB 0x0000000605400000| Untracked |  0
|  15|0x0000000605800000, 0x0000000605800000, 0x0000000605c00000|  0%| F|  |TAMS 0x0000000605800000| PB 0x0000000605800000| Untracked |  0
|  16|0x0000000605c00000, 0x0000000605c00000, 0x0000000606000000|  0%| F|  |TAMS 0x0000000605c00000| PB 0x0000000605c00000| Untracked |  0
|  17|0x0000000606000000, 0x0000000606000000, 0x0000000606400000|  0%| F|  |TAMS 0x0000000606000000| PB 0x0000000606000000| Untracked |  0
|  18|0x0000000606400000, 0x0000000606400000, 0x0000000606800000|  0%| F|  |TAMS 0x0000000606400000| PB 0x0000000606400000| Untracked |  0
|  19|0x0000000606800000, 0x0000000606800000, 0x0000000606c00000|  0%| F|  |TAMS 0x0000000606800000| PB 0x0000000606800000| Untracked |  0
|  20|0x0000000606c00000, 0x0000000606c00000, 0x0000000607000000|  0%| F|  |TAMS 0x0000000606c00000| PB 0x0000000606c00000| Untracked |  0
|  21|0x0000000607000000, 0x0000000607000000, 0x0000000607400000|  0%| F|  |TAMS 0x0000000607000000| PB 0x0000000607000000| Untracked |  0
|  22|0x0000000607400000, 0x0000000607400000, 0x0000000607800000|  0%| F|  |TAMS 0x0000000607400000| PB 0x0000000607400000| Untracked |  0
|  23|0x0000000607800000, 0x0000000607800000, 0x0000000607c00000|  0%| F|  |TAMS 0x0000000607800000| PB 0x0000000607800000| Untracked |  0
|  24|0x0000000607c00000, 0x0000000607c00000, 0x0000000608000000|  0%| F|  |TAMS 0x0000000607c00000| PB 0x0000000607c00000| Untracked |  0
|  25|0x0000000608000000, 0x0000000608000000, 0x0000000608400000|  0%| F|  |TAMS 0x0000000608000000| PB 0x0000000608000000| Untracked |  0
|  26|0x0000000608400000, 0x0000000608400000, 0x0000000608800000|  0%| F|  |TAMS 0x0000000608400000| PB 0x0000000608400000| Untracked |  0
|  27|0x0000000608800000, 0x0000000608800000, 0x0000000608c00000|  0%| F|  |TAMS 0x0000000608800000| PB 0x0000000608800000| Untracked |  0
|  28|0x0000000608c00000, 0x0000000608c00000, 0x0000000609000000|  0%| F|  |TAMS 0x0000000608c00000| PB 0x0000000608c00000| Untracked |  0
|  29|0x0000000609000000, 0x0000000609000000, 0x0000000609400000|  0%| F|  |TAMS 0x0000000609000000| PB 0x0000000609000000| Untracked |  0
|  30|0x0000000609400000, 0x0000000609400000, 0x0000000609800000|  0%| F|  |TAMS 0x0000000609400000| PB 0x0000000609400000| Untracked |  0
|  31|0x0000000609800000, 0x0000000609800000, 0x0000000609c00000|  0%| F|  |TAMS 0x0000000609800000| PB 0x0000000609800000| Untracked |  0
|  32|0x0000000609c00000, 0x0000000609c00000, 0x000000060a000000|  0%| F|  |TAMS 0x0000000609c00000| PB 0x0000000609c00000| Untracked |  0
|  33|0x000000060a000000, 0x000000060a000000, 0x000000060a400000|  0%| F|  |TAMS 0x000000060a000000| PB 0x000000060a000000| Untracked |  0
|  34|0x000000060a400000, 0x000000060a400000, 0x000000060a800000|  0%| F|  |TAMS 0x000000060a400000| PB 0x000000060a400000| Untracked |  0
|  35|0x000000060a800000, 0x000000060a800000, 0x000000060ac00000|  0%| F|  |TAMS 0x000000060a800000| PB 0x000000060a800000| Untracked |  0
|  36|0x000000060ac00000, 0x000000060ac00000, 0x000000060b000000|  0%| F|  |TAMS 0x000000060ac00000| PB 0x000000060ac00000| Untracked |  0
|  37|0x000000060b000000, 0x000000060b000000, 0x000000060b400000|  0%| F|  |TAMS 0x000000060b000000| PB 0x000000060b000000| Untracked |  0
|  38|0x000000060b400000, 0x000000060b400000, 0x000000060b800000|  0%| F|  |TAMS 0x000000060b400000| PB 0x000000060b400000| Untracked |  0
|  39|0x000000060b800000, 0x000000060b800000, 0x000000060bc00000|  0%| F|  |TAMS 0x000000060b800000| PB 0x000000060b800000| Untracked |  0
|  40|0x000000060bc00000, 0x000000060bc00000, 0x000000060c000000|  0%| F|  |TAMS 0x000000060bc00000| PB 0x000000060bc00000| Untracked |  0
|  41|0x000000060c000000, 0x000000060c000000, 0x000000060c400000|  0%| F|  |TAMS 0x000000060c000000| PB 0x000000060c000000| Untracked |  0
|  42|0x000000060c400000, 0x000000060c400000, 0x000000060c800000|  0%| F|  |TAMS 0x000000060c400000| PB 0x000000060c400000| Untracked |  0
|  43|0x000000060c800000, 0x000000060c800000, 0x000000060cc00000|  0%| F|  |TAMS 0x000000060c800000| PB 0x000000060c800000| Untracked |  0
|  44|0x000000060cc00000, 0x000000060cc00000, 0x000000060d000000|  0%| F|  |TAMS 0x000000060cc00000| PB 0x000000060cc00000| Untracked |  0
|  45|0x000000060d000000, 0x000000060d000000, 0x000000060d400000|  0%| F|  |TAMS 0x000000060d000000| PB 0x000000060d000000| Untracked |  0
|  46|0x000000060d400000, 0x000000060d400000, 0x000000060d800000|  0%| F|  |TAMS 0x000000060d400000| PB 0x000000060d400000| Untracked |  0
|  47|0x000000060d800000, 0x000000060d800000, 0x000000060dc00000|  0%| F|  |TAMS 0x000000060d800000| PB 0x000000060d800000| Untracked |  0
|  48|0x000000060dc00000, 0x000000060dc00000, 0x000000060e000000|  0%| F|  |TAMS 0x000000060dc00000| PB 0x000000060dc00000| Untracked |  0
|  49|0x000000060e000000, 0x000000060e000000, 0x000000060e400000|  0%| F|  |TAMS 0x000000060e000000| PB 0x000000060e000000| Untracked |  0
|  50|0x000000060e400000, 0x000000060e400000, 0x000000060e800000|  0%| F|  |TAMS 0x000000060e400000| PB 0x000000060e400000| Untracked |  0
|  51|0x000000060e800000, 0x000000060e800000, 0x000000060ec00000|  0%| F|  |TAMS 0x000000060e800000| PB 0x000000060e800000| Untracked |  0
|  52|0x000000060ec00000, 0x000000060ec00000, 0x000000060f000000|  0%| F|  |TAMS 0x000000060ec00000| PB 0x000000060ec00000| Untracked |  0
|  53|0x000000060f000000, 0x000000060f000000, 0x000000060f400000|  0%| F|  |TAMS 0x000000060f000000| PB 0x000000060f000000| Untracked |  0
|  54|0x000000060f400000, 0x000000060f400000, 0x000000060f800000|  0%| F|  |TAMS 0x000000060f400000| PB 0x000000060f400000| Untracked |  0
|  55|0x000000060f800000, 0x000000060f800000, 0x000000060fc00000|  0%| F|  |TAMS 0x000000060f800000| PB 0x000000060f800000| Untracked |  0
|  56|0x000000060fc00000, 0x000000060fc00000, 0x0000000610000000|  0%| F|  |TAMS 0x000000060fc00000| PB 0x000000060fc00000| Untracked |  0
|  57|0x0000000610000000, 0x0000000610000000, 0x0000000610400000|  0%| F|  |TAMS 0x0000000610000000| PB 0x0000000610000000| Untracked |  0
|  58|0x0000000610400000, 0x0000000610400000, 0x0000000610800000|  0%| F|  |TAMS 0x0000000610400000| PB 0x0000000610400000| Untracked |  0
|  59|0x0000000610800000, 0x0000000610800000, 0x0000000610c00000|  0%| F|  |TAMS 0x0000000610800000| PB 0x0000000610800000| Untracked |  0
|  60|0x0000000610c00000, 0x0000000610c00000, 0x0000000611000000|  0%| F|  |TAMS 0x0000000610c00000| PB 0x0000000610c00000| Untracked |  0
|  61|0x0000000611000000, 0x0000000611000000, 0x0000000611400000|  0%| F|  |TAMS 0x0000000611000000| PB 0x0000000611000000| Untracked |  0
|  62|0x0000000611400000, 0x0000000611400000, 0x0000000611800000|  0%| F|  |TAMS 0x0000000611400000| PB 0x0000000611400000| Untracked |  0
|  63|0x0000000611800000, 0x0000000611800000, 0x0000000611c00000|  0%| F|  |TAMS 0x0000000611800000| PB 0x0000000611800000| Untracked |  0
|  64|0x0000000611c00000, 0x0000000611c00000, 0x0000000612000000|  0%| F|  |TAMS 0x0000000611c00000| PB 0x0000000611c00000| Untracked |  0
|  65|0x0000000612000000, 0x0000000612000000, 0x0000000612400000|  0%| F|  |TAMS 0x0000000612000000| PB 0x0000000612000000| Untracked |  0
|  66|0x0000000612400000, 0x0000000612400000, 0x0000000612800000|  0%| F|  |TAMS 0x0000000612400000| PB 0x0000000612400000| Untracked |  0
|  67|0x0000000612800000, 0x0000000612800000, 0x0000000612c00000|  0%| F|  |TAMS 0x0000000612800000| PB 0x0000000612800000| Untracked |  0
|  68|0x0000000612c00000, 0x0000000612c00000, 0x0000000613000000|  0%| F|  |TAMS 0x0000000612c00000| PB 0x0000000612c00000| Untracked |  0
|  69|0x0000000613000000, 0x0000000613000000, 0x0000000613400000|  0%| F|  |TAMS 0x0000000613000000| PB 0x0000000613000000| Untracked |  0
|  70|0x0000000613400000, 0x0000000613400000, 0x0000000613800000|  0%| F|  |TAMS 0x0000000613400000| PB 0x0000000613400000| Untracked |  0
|  71|0x0000000613800000, 0x0000000613800000, 0x0000000613c00000|  0%| F|  |TAMS 0x0000000613800000| PB 0x0000000613800000| Untracked |  0
|  72|0x0000000613c00000, 0x0000000613c00000, 0x0000000614000000|  0%| F|  |TAMS 0x0000000613c00000| PB 0x0000000613c00000| Untracked |  0
|  73|0x0000000614000000, 0x0000000614000000, 0x0000000614400000|  0%| F|  |TAMS 0x0000000614000000| PB 0x0000000614000000| Untracked |  0
|  74|0x0000000614400000, 0x0000000614400000, 0x0000000614800000|  0%| F|  |TAMS 0x0000000614400000| PB 0x0000000614400000| Untracked |  0
|  75|0x0000000614800000, 0x0000000614800000, 0x0000000614c00000|  0%| F|  |TAMS 0x0000000614800000| PB 0x0000000614800000| Untracked |  0
|  76|0x0000000614c00000, 0x0000000614c00000, 0x0000000615000000|  0%| F|  |TAMS 0x0000000614c00000| PB 0x0000000614c00000| Untracked |  0
|  77|0x0000000615000000, 0x0000000615000000, 0x0000000615400000|  0%| F|  |TAMS 0x0000000615000000| PB 0x0000000615000000| Untracked |  0
|  78|0x0000000615400000, 0x0000000615400000, 0x0000000615800000|  0%| F|  |TAMS 0x0000000615400000| PB 0x0000000615400000| Untracked |  0
|  79|0x0000000615800000, 0x0000000615800000, 0x0000000615c00000|  0%| F|  |TAMS 0x0000000615800000| PB 0x0000000615800000| Untracked |  0
|  80|0x0000000615c00000, 0x0000000615c00000, 0x0000000616000000|  0%| F|  |TAMS 0x0000000615c00000| PB 0x0000000615c00000| Untracked |  0
|  81|0x0000000616000000, 0x0000000616000000, 0x0000000616400000|  0%| F|  |TAMS 0x0000000616000000| PB 0x0000000616000000| Untracked |  0
|  82|0x0000000616400000, 0x0000000616400000, 0x0000000616800000|  0%| F|  |TAMS 0x0000000616400000| PB 0x0000000616400000| Untracked |  0
|  83|0x0000000616800000, 0x0000000616800000, 0x0000000616c00000|  0%| F|  |TAMS 0x0000000616800000| PB 0x0000000616800000| Untracked |  0
|  84|0x0000000616c00000, 0x0000000616c00000, 0x0000000617000000|  0%| F|  |TAMS 0x0000000616c00000| PB 0x0000000616c00000| Untracked |  0
|  85|0x0000000617000000, 0x0000000617000000, 0x0000000617400000|  0%| F|  |TAMS 0x0000000617000000| PB 0x0000000617000000| Untracked |  0
|  86|0x0000000617400000, 0x0000000617400000, 0x0000000617800000|  0%| F|  |TAMS 0x0000000617400000| PB 0x0000000617400000| Untracked |  0
|  87|0x0000000617800000, 0x0000000617800000, 0x0000000617c00000|  0%| F|  |TAMS 0x0000000617800000| PB 0x0000000617800000| Untracked |  0
|  88|0x0000000617c00000, 0x0000000617c00000, 0x0000000618000000|  0%| F|  |TAMS 0x0000000617c00000| PB 0x0000000617c00000| Untracked |  0
|  89|0x0000000618000000, 0x0000000618000000, 0x0000000618400000|  0%| F|  |TAMS 0x0000000618000000| PB 0x0000000618000000| Untracked |  0
|  90|0x0000000618400000, 0x0000000618400000, 0x0000000618800000|  0%| F|  |TAMS 0x0000000618400000| PB 0x0000000618400000| Untracked |  0
|  91|0x0000000618800000, 0x0000000618800000, 0x0000000618c00000|  0%| F|  |TAMS 0x0000000618800000| PB 0x0000000618800000| Untracked |  0
|  92|0x0000000618c00000, 0x0000000618c00000, 0x0000000619000000|  0%| F|  |TAMS 0x0000000618c00000| PB 0x0000000618c00000| Untracked |  0
|  93|0x0000000619000000, 0x0000000619000000, 0x0000000619400000|  0%| F|  |TAMS 0x0000000619000000| PB 0x0000000619000000| Untracked |  0
|  94|0x0000000619400000, 0x0000000619400000, 0x0000000619800000|  0%| F|  |TAMS 0x0000000619400000| PB 0x0000000619400000| Untracked |  0
|  95|0x0000000619800000, 0x0000000619800000, 0x0000000619c00000|  0%| F|  |TAMS 0x0000000619800000| PB 0x0000000619800000| Untracked |  0
|  96|0x0000000619c00000, 0x0000000619c00000, 0x000000061a000000|  0%| F|  |TAMS 0x0000000619c00000| PB 0x0000000619c00000| Untracked |  0
|  97|0x000000061a000000, 0x000000061a000000, 0x000000061a400000|  0%| F|  |TAMS 0x000000061a000000| PB 0x000000061a000000| Untracked |  0
|  98|0x000000061a400000, 0x000000061a400000, 0x000000061a800000|  0%| F|  |TAMS 0x000000061a400000| PB 0x000000061a400000| Untracked |  0
|  99|0x000000061a800000, 0x000000061a800000, 0x000000061ac00000|  0%| F|  |TAMS 0x000000061a800000| PB 0x000000061a800000| Untracked |  0
| 100|0x000000061ac00000, 0x000000061ac00000, 0x000000061b000000|  0%| F|  |TAMS 0x000000061ac00000| PB 0x000000061ac00000| Untracked |  0
| 101|0x000000061b000000, 0x000000061b000000, 0x000000061b400000|  0%| F|  |TAMS 0x000000061b000000| PB 0x000000061b000000| Untracked |  0
| 102|0x000000061b400000, 0x000000061b400000, 0x000000061b800000|  0%| F|  |TAMS 0x000000061b400000| PB 0x000000061b400000| Untracked |  0
| 103|0x000000061b800000, 0x000000061b800000, 0x000000061bc00000|  0%| F|  |TAMS 0x000000061b800000| PB 0x000000061b800000| Untracked |  0
| 104|0x000000061bc00000, 0x000000061bc00000, 0x000000061c000000|  0%| F|  |TAMS 0x000000061bc00000| PB 0x000000061bc00000| Untracked |  0
| 105|0x000000061c000000, 0x000000061c000000, 0x000000061c400000|  0%| F|  |TAMS 0x000000061c000000| PB 0x000000061c000000| Untracked |  0
| 106|0x000000061c400000, 0x000000061c400000, 0x000000061c800000|  0%| F|  |TAMS 0x000000061c400000| PB 0x000000061c400000| Untracked |  0
| 107|0x000000061c800000, 0x000000061c800000, 0x000000061cc00000|  0%| F|  |TAMS 0x000000061c800000| PB 0x000000061c800000| Untracked |  0
| 108|0x000000061cc00000, 0x000000061cc00000, 0x000000061d000000|  0%| F|  |TAMS 0x000000061cc00000| PB 0x000000061cc00000| Untracked |  0
| 109|0x000000061d000000, 0x000000061d000000, 0x000000061d400000|  0%| F|  |TAMS 0x000000061d000000| PB 0x000000061d000000| Untracked |  0
| 110|0x000000061d400000, 0x000000061d400000, 0x000000061d800000|  0%| F|  |TAMS 0x000000061d400000| PB 0x000000061d400000| Untracked |  0
| 111|0x000000061d800000, 0x000000061d800000, 0x000000061dc00000|  0%| F|  |TAMS 0x000000061d800000| PB 0x000000061d800000| Untracked |  0
| 112|0x000000061dc00000, 0x000000061dc00000, 0x000000061e000000|  0%| F|  |TAMS 0x000000061dc00000| PB 0x000000061dc00000| Untracked |  0
| 113|0x000000061e000000, 0x000000061e000000, 0x000000061e400000|  0%| F|  |TAMS 0x000000061e000000| PB 0x000000061e000000| Untracked |  0
| 114|0x000000061e400000, 0x000000061e400000, 0x000000061e800000|  0%| F|  |TAMS 0x000000061e400000| PB 0x000000061e400000| Untracked |  0
| 115|0x000000061e800000, 0x000000061e800000, 0x000000061ec00000|  0%| F|  |TAMS 0x000000061e800000| PB 0x000000061e800000| Untracked |  0
| 116|0x000000061ec00000, 0x000000061ec00000, 0x000000061f000000|  0%| F|  |TAMS 0x000000061ec00000| PB 0x000000061ec00000| Untracked |  0
| 117|0x000000061f000000, 0x000000061f000000, 0x000000061f400000|  0%| F|  |TAMS 0x000000061f000000| PB 0x000000061f000000| Untracked |  0
| 118|0x000000061f400000, 0x000000061f400000, 0x000000061f800000|  0%| F|  |TAMS 0x000000061f400000| PB 0x000000061f400000| Untracked |  0
| 119|0x000000061f800000, 0x000000061f800000, 0x000000061fc00000|  0%| F|  |TAMS 0x000000061f800000| PB 0x000000061f800000| Untracked |  0
| 120|0x000000061fc00000, 0x000000061fc00000, 0x0000000620000000|  0%| F|  |TAMS 0x000000061fc00000| PB 0x000000061fc00000| Untracked |  0
| 121|0x0000000620000000, 0x0000000620000000, 0x0000000620400000|  0%| F|  |TAMS 0x0000000620000000| PB 0x0000000620000000| Untracked |  0
| 122|0x0000000620400000, 0x0000000620771000, 0x0000000620800000| 86%| S|CS|TAMS 0x0000000620400000| PB 0x0000000620400000| Complete |  0
| 123|0x0000000620800000, 0x0000000620800000, 0x0000000620c00000|  0%| F|  |TAMS 0x0000000620800000| PB 0x0000000620800000| Untracked |  0
| 124|0x0000000620c00000, 0x0000000620c00000, 0x0000000621000000|  0%| F|  |TAMS 0x0000000620c00000| PB 0x0000000620c00000| Untracked |  0
| 125|0x0000000621000000, 0x0000000621000000, 0x0000000621400000|  0%| F|  |TAMS 0x0000000621000000| PB 0x0000000621000000| Untracked |  0
| 126|0x0000000621400000, 0x0000000621400000, 0x0000000621800000|  0%| F|  |TAMS 0x0000000621400000| PB 0x0000000621400000| Untracked |  0
| 127|0x0000000621800000, 0x0000000621c00000, 0x0000000621c00000|100%| E|  |TAMS 0x0000000621800000| PB 0x0000000621800000| Complete |  0

Card table byte_map: [0x000001c1b4680000,0x000001c1b5680000] _byte_map_base: 0x000001c1b1672000

Marking Bits: (CMBitMap*) 0x000001c19b776560
 Bits: [0x000001c1b5680000, 0x000001c1bd610000)

Polling page: 0x000001c199460000

Metaspace:

Usage:
  Non-class:     13.33 MB used.
      Class:      1.77 MB used.
       Both:     15.10 MB used.

Virtual space:
  Non-class space:       64.00 MB reserved,      13.50 MB ( 21%) committed,  1 nodes.
      Class space:        1.00 GB reserved,       1.94 MB ( <1%) committed,  1 nodes.
             Both:        1.06 GB reserved,      15.44 MB (  1%) committed. 

Chunk freelists:
   Non-Class:  2.48 MB
       Class:  14.11 MB
        Both:  16.58 MB

MaxMetaspaceSize: unlimited
CompressedClassSpaceSize: 1.00 GB
Initial GC threshold: 21.00 MB
Current GC threshold: 21.00 MB
CDS: on
 - commit_granule_bytes: 65536.
 - commit_granule_words: 8192.
 - virtual_space_node_default_size: 8388608.
 - enlarge_chunks_in_place: 1.
 - use_allocation_guard: 0.


Internal statistics:

num_allocs_failed_limit: 0.
num_arena_births: 238.
num_arena_deaths: 0.
num_vsnodes_births: 2.
num_vsnodes_deaths: 0.
num_space_committed: 247.
num_space_uncommitted: 0.
num_chunks_returned_to_freelist: 0.
num_chunks_taken_from_freelist: 627.
num_chunk_merges: 0.
num_chunk_splits: 415.
num_chunks_enlarged: 287.
num_inconsistent_stats: 0.

CodeHeap 'non-profiled nmethods': size=119232Kb used=646Kb max_used=646Kb free=118586Kb
 bounds [0x000001c1ab990000, 0x000001c1abc00000, 0x000001c1b2e00000]
CodeHeap 'profiled nmethods': size=119104Kb used=3348Kb max_used=3348Kb free=115755Kb
 bounds [0x000001c1a3e00000, 0x000001c1a4150000, 0x000001c1ab250000]
CodeHeap 'non-nmethods': size=7424Kb used=3354Kb max_used=3367Kb free=4069Kb
 bounds [0x000001c1ab250000, 0x000001c1ab5a0000, 0x000001c1ab990000]
CodeCache: size=245760Kb, used=7348Kb, max_used=7361Kb, free=238410Kb
 total_blobs=2742, nmethods=2133, adapters=510, full_count=0
Compilation: enabled, stopped_count=0, restarted_count=0

Compilation events (20 events):
Event: 0.791 Thread 0x000001c1c0633ec0 2123       4       java.lang.invoke.Invokers$Holder::linkToTargetMethod (9 bytes)
Event: 0.791 Thread 0x000001c1c0633ec0 nmethod 2123 0x000001c1aba30588 code [0x000001c1aba306a0, 0x000001c1aba30798]
Event: 0.792 Thread 0x000001c1c06358f0 2124       1       sun.java2d.loops.GraphicsPrimitive::getUniqueID (5 bytes)
Event: 0.792 Thread 0x000001c1c06a3010 2125       3       sun.java2d.loops.GraphicsPrimitiveMgr$1::compare (13 bytes)
Event: 0.792 Thread 0x000001c1c07eba60 2126       3       sun.java2d.loops.GraphicsPrimitiveMgr$1::compare (18 bytes)
Event: 0.792 Thread 0x000001c1c06358f0 nmethod 2124 0x000001c1aba30888 code [0x000001c1aba309a0, 0x000001c1aba30a68]
Event: 0.792 Thread 0x000001c1c07eba60 nmethod 2126 0x000001c1a4143688 code [0x000001c1a41437c0, 0x000001c1a4143a40]
Event: 0.792 Thread 0x000001c1c06a3010 nmethod 2125 0x000001c1a4143a88 code [0x000001c1a4143be0, 0x000001c1a4144068]
Event: 0.792 Thread 0x000001c1c07eba60 2127       3       java.util.TimSort::binarySort (223 bytes)
Event: 0.793 Thread 0x000001c1c07eba60 nmethod 2127 0x000001c1a4144108 code [0x000001c1a41442a0, 0x000001c1a4144d38]
Event: 0.793 Thread 0x000001c1c0633ec0 2128       4       sun.java2d.loops.GraphicsPrimitiveMgr$1::compare (13 bytes)
Event: 0.793 Thread 0x000001c1c0633ec0 nmethod 2128 0x000001c1aba30b88 code [0x000001c1aba30ca0, 0x000001c1aba30de0]
Event: 0.815 Thread 0x000001c1c07ea460 2129       3       jdk.internal.logger.SurrogateLogger::defaultPlatformLevel (4 bytes)
Event: 0.816 Thread 0x000001c1c07ea460 nmethod 2129 0x000001c1a4144d88 code [0x000001c1a4144ea0, 0x000001c1a4144fb8]
Event: 0.816 Thread 0x000001c1c07ea460 2130       1       java.awt.AWTEvent::getID (5 bytes)
Event: 0.816 Thread 0x000001c1c07ea460 nmethod 2130 0x000001c1aba30e88 code [0x000001c1aba30fa0, 0x000001c1aba31068]
Event: 0.816 Thread 0x000001c1c07ea460 2131       1       java.beans.PropertyChangeEvent::getPropertyName (5 bytes)
Event: 0.816 Thread 0x000001c1c07ea460 nmethod 2131 0x000001c1aba31188 code [0x000001c1aba312a0, 0x000001c1aba31370]
Event: 0.818 Thread 0x000001c1c06a3010 2132       3       sun.util.locale.LocaleUtils::isUpper (18 bytes)
Event: 0.818 Thread 0x000001c1c06a3010 nmethod 2132 0x000001c1a4145088 code [0x000001c1a41451a0, 0x000001c1a4145308]

GC Heap History (4 events):
Event: 0.343 GC heap before
{Heap before GC invocations=0 (full 0):
 garbage-first heap   total reserved 8359936K, committed 524288K, used 24576K [0x0000000601c00000, 0x0000000800000000)
  region size 4096K, 6 young (24576K), 0 survivors (0K)
 Metaspace       used 8787K, committed 9024K, reserved 1114112K
  class space    used 1020K, committed 1152K, reserved 1048576K
}
Event: 0.346 GC heap after
{Heap after GC invocations=1 (full 0):
 garbage-first heap   total reserved 8359936K, committed 524288K, used 4858K [0x0000000601c00000, 0x0000000800000000)
  region size 4096K, 1 young (4096K), 1 survivors (4096K)
 Metaspace       used 8787K, committed 9024K, reserved 1114112K
  class space    used 1020K, committed 1152K, reserved 1048576K
}
Event: 0.526 GC heap before
{Heap before GC invocations=1 (full 0):
 garbage-first heap   total reserved 8359936K, committed 524288K, used 25338K [0x0000000601c00000, 0x0000000800000000)
  region size 4096K, 6 young (24576K), 1 survivors (4096K)
 Metaspace       used 10217K, committed 10432K, reserved 1114112K
  class space    used 1191K, committed 1280K, reserved 1048576K
}
Event: 0.529 GC heap after
{Heap after GC invocations=2 (full 0):
 garbage-first heap   total reserved 8359936K, committed 524288K, used 8366K [0x0000000601c00000, 0x0000000800000000)
  region size 4096K, 1 young (4096K), 1 survivors (4096K)
 Metaspace       used 10217K, committed 10432K, reserved 1114112K
  class space    used 1191K, committed 1280K, reserved 1048576K
}

Dll operation events (9 events):
Event: 0.007 Loaded shared library C:\Program Files\Java\jdk-23\bin\java.dll
Event: 0.029 Loaded shared library C:\Program Files\Java\jdk-23\bin\jsvml.dll
Event: 0.051 Loaded shared library C:\Program Files\Java\jdk-23\bin\jimage.dll
Event: 0.054 Loaded shared library C:\Program Files\Java\jdk-23\bin\net.dll
Event: 0.056 Loaded shared library C:\Program Files\Java\jdk-23\bin\nio.dll
Event: 0.543 Loaded shared library C:\Users\Dane Polchin\Desktop\Folders\Java\GPU-Accelerated-Ray-Tracer\native.dll
Event: 0.551 Loaded shared library C:\Program Files\Java\jdk-23\bin\awt.dll
Event: 0.728 Loaded shared library C:\Program Files\Java\jdk-23\bin\freetype.dll
Event: 0.728 Loaded shared library C:\Program Files\Java\jdk-23\bin\fontmanager.dll

Deoptimization events (20 events):
Event: 0.706 Thread 0x000001c19b6c9550 Uncommon trap: trap_request=0xffffff45 fr.pc=0x000001c1ab9e2db4 relative=0x0000000000000314
Event: 0.706 Thread 0x000001c19b6c9550 Uncommon trap: reason=unstable_if action=reinterpret pc=0x000001c1ab9e2db4 method=jdk.internal.util.ArraysSupport.mismatch([BI[BII)I @ 16 c2
Event: 0.706 Thread 0x000001c19b6c9550 DEOPT PACKING pc=0x000001c1ab9e2db4 sp=0x0000002e9dafe770
Event: 0.706 Thread 0x000001c19b6c9550 DEOPT UNPACKING pc=0x000001c1ab2a7982 sp=0x0000002e9dafe730 mode 2
Event: 0.706 Thread 0x000001c19b6c9550 Uncommon trap: trap_request=0xffffffc6 fr.pc=0x000001c1aba1a220 relative=0x0000000000000e60
Event: 0.706 Thread 0x000001c19b6c9550 Uncommon trap: reason=bimorphic_or_optimized_type_check action=maybe_recompile pc=0x000001c1aba1a220 method=java.util.HashMap.putVal(ILjava/lang/Object;Ljava/lang/Object;ZZ)Ljava/lang/Object; @ 152 c2
Event: 0.706 Thread 0x000001c19b6c9550 DEOPT PACKING pc=0x000001c1aba1a220 sp=0x0000002e9dafe8d0
Event: 0.706 Thread 0x000001c19b6c9550 DEOPT UNPACKING pc=0x000001c1ab2a7982 sp=0x0000002e9dafe808 mode 2
Event: 0.706 Thread 0x000001c19b6c9550 Uncommon trap: trap_request=0xffffffc6 fr.pc=0x000001c1aba1a220 relative=0x0000000000000e60
Event: 0.706 Thread 0x000001c19b6c9550 Uncommon trap: reason=bimorphic_or_optimized_type_check action=maybe_recompile pc=0x000001c1aba1a220 method=java.util.HashMap.putVal(ILjava/lang/Object;Ljava/lang/Object;ZZ)Ljava/lang/Object; @ 152 c2
Event: 0.706 Thread 0x000001c19b6c9550 DEOPT PACKING pc=0x000001c1aba1a220 sp=0x0000002e9dafe8d0
Event: 0.706 Thread 0x000001c19b6c9550 DEOPT UNPACKING pc=0x000001c1ab2a7982 sp=0x0000002e9dafe808 mode 2
Event: 0.709 Thread 0x000001c19b6c9550 Uncommon trap: trap_request=0xffffff3d fr.pc=0x000001c1ab9d535c relative=0x0000000000000bdc
Event: 0.709 Thread 0x000001c19b6c9550 Uncommon trap: reason=unstable_fused_if action=reinterpret pc=0x000001c1ab9d535c method=java.util.HashMap.resize()[Ljava/util/HashMap$Node; @ 31 c2
Event: 0.709 Thread 0x000001c19b6c9550 DEOPT PACKING pc=0x000001c1ab9d535c sp=0x0000002e9dafe490
Event: 0.709 Thread 0x000001c19b6c9550 DEOPT UNPACKING pc=0x000001c1ab2a7982 sp=0x0000002e9dafe418 mode 2
Event: 0.734 Thread 0x000001c19b6c9550 Uncommon trap: trap_request=0xffffff45 fr.pc=0x000001c1aba02f6c relative=0x00000000000004ac
Event: 0.734 Thread 0x000001c19b6c9550 Uncommon trap: reason=unstable_if action=reinterpret pc=0x000001c1aba02f6c method=java.lang.StringUTF16.compress([CII)[B @ 17 c2
Event: 0.734 Thread 0x000001c19b6c9550 DEOPT PACKING pc=0x000001c1aba02f6c sp=0x0000002e9dafda60
Event: 0.734 Thread 0x000001c19b6c9550 DEOPT UNPACKING pc=0x000001c1ab2a7982 sp=0x0000002e9dafd938 mode 2

Classes loaded (20 events):
Event: 0.817 Loading class sun/awt/im/InputMethodAdapter done
Event: 0.817 Loading class sun/awt/windows/WInputMethod done
Event: 0.824 Loading class sun/awt/im/CompositionAreaHandler
Event: 0.824 Loading class java/awt/event/InputMethodListener
Event: 0.824 Loading class java/awt/event/InputMethodListener done
Event: 0.824 Loading class sun/awt/im/CompositionAreaHandler done
Event: 0.824 Loading class java/text/AttributedString
Event: 0.824 Loading class java/text/AttributedString done
Event: 0.824 Loading class java/text/AttributedString$AttributedStringIterator
Event: 0.824 Loading class java/text/AttributedCharacterIterator
Event: 0.824 Loading class java/text/CharacterIterator
Event: 0.824 Loading class java/text/CharacterIterator done
Event: 0.824 Loading class java/text/AttributedCharacterIterator done
Event: 0.824 Loading class java/text/AttributedString$AttributedStringIterator done
Event: 0.825 Loading class java/awt/TextComponent
Event: 0.825 Loading class java/awt/TextComponent done
Event: 0.825 Loading class javax/swing/text/JTextComponent
Event: 0.826 Loading class javax/swing/Scrollable
Event: 0.826 Loading class javax/swing/Scrollable done
Event: 0.826 Loading class javax/swing/text/JTextComponent done

Classes unloaded (0 events):
No events

Classes redefined (0 events):
No events

Internal exceptions (20 events):
Event: 0.464 Thread 0x000001c19b6c9550 Exception <a 'java/lang/NoSuchMethodError'{0x0000000620eed620}: 'void java.lang.invoke.DirectMethodHandle$Holder.invokeVirtual(java.lang.Object, java.lang.Object)'> (0x0000000620eed620) 
thrown [s\open\src\hotspot\share\interpreter\linkResolver.cpp, line 796]
Event: 0.531 Thread 0x000001c19b6c9550 Exception <a 'sun/nio/fs/WindowsException'{0x00000006218383d0}> (0x00000006218383d0) 
thrown [s\open\src\hotspot\share\prims\jni.cpp, line 520]
Event: 0.531 Thread 0x000001c19b6c9550 Exception <a 'sun/nio/fs/WindowsException'{0x0000000621838dd0}> (0x0000000621838dd0) 
thrown [s\open\src\hotspot\share\prims\jni.cpp, line 520]
Event: 0.533 Thread 0x000001c19b6c9550 Exception <a 'sun/nio/fs/WindowsException'{0x000000062183a240}> (0x000000062183a240) 
thrown [s\open\src\hotspot\share\prims\jni.cpp, line 520]
Event: 0.533 Thread 0x000001c19b6c9550 Exception <a 'sun/nio/fs/WindowsException'{0x000000062183a9a0}> (0x000000062183a9a0) 
thrown [s\open\src\hotspot\share\prims\jni.cpp, line 520]
Event: 0.533 Thread 0x000001c19b6c9550 Exception <a 'sun/nio/fs/WindowsException'{0x000000062183b1e0}> (0x000000062183b1e0) 
thrown [s\open\src\hotspot\share\prims\jni.cpp, line 520]
Event: 0.534 Thread 0x000001c19b6c9550 Exception <a 'sun/nio/fs/WindowsException'{0x000000062183bc48}> (0x000000062183bc48) 
thrown [s\open\src\hotspot\share\prims\jni.cpp, line 520]
Event: 0.534 Thread 0x000001c19b6c9550 Exception <a 'sun/nio/fs/WindowsException'{0x000000062183c4a0}> (0x000000062183c4a0) 
thrown [s\open\src\hotspot\share\prims\jni.cpp, line 520]
Event: 0.536 Thread 0x000001c19b6c9550 Exception <a 'sun/nio/fs/WindowsException'{0x000000062183d0b0}> (0x000000062183d0b0) 
thrown [s\open\src\hotspot\share\prims\jni.cpp, line 520]
Event: 0.537 Thread 0x000001c19b6c9550 Exception <a 'sun/nio/fs/WindowsException'{0x000000062183db40}> (0x000000062183db40) 
thrown [s\open\src\hotspot\share\prims\jni.cpp, line 520]
Event: 0.545 Thread 0x000001c19b6c9550 Exception <a 'sun/nio/fs/WindowsException'{0x000000062184be80}> (0x000000062184be80) 
thrown [s\open\src\hotspot\share\prims\jni.cpp, line 520]
Event: 0.548 Thread 0x000001c19b6c9550 Exception <a 'java/lang/ClassNotFoundException'{0x000000062184f820}: sun/awt/resources/spi/awtProvider> (0x000000062184f820) 
thrown [s\open\src\hotspot\share\classfile\systemDictionary.cpp, line 313]
Event: 0.554 Thread 0x000001c19b6c9550 Exception <a 'java/io/FileNotFoundException'{0x0000000621884f98}> (0x0000000621884f98) 
thrown [s\open\src\hotspot\share\prims\jni.cpp, line 520]
Event: 0.557 Thread 0x000001c19b6c9550 Exception <a 'java/io/FileNotFoundException'{0x00000006218d48a0}> (0x00000006218d48a0) 
thrown [s\open\src\hotspot\share\prims\jni.cpp, line 520]
Event: 0.696 Thread 0x000001c19b6c9550 Exception <a 'java/lang/NoSuchMethodError'{0x0000000621a42878}: 'java.lang.Object java.lang.invoke.DirectMethodHandle$Holder.invokeStatic(java.lang.Object, int, java.lang.Object)'> (0x0000000621a42878) 
thrown [s\open\src\hotspot\share\interpreter\linkResolver.cpp, line 796]
Event: 0.705 Thread 0x000001c19b6c9550 Exception <a 'java/lang/ClassNotFoundException'{0x0000000621b05a58}: com/sun/swing/internal/plaf/metal/resources/spi/metalProvider> (0x0000000621b05a58) 
thrown [s\open\src\hotspot\share\classfile\systemDictionary.cpp, line 313]
Event: 0.706 Thread 0x000001c19b6c9550 Exception <a 'java/lang/ClassNotFoundException'{0x0000000621b09cd8}: com/sun/swing/internal/plaf/basic/resources/spi/basicProvider> (0x0000000621b09cd8) 
thrown [s\open\src\hotspot\share\classfile\systemDictionary.cpp, line 313]
Event: 0.711 Thread 0x000001c19b6c9550 Exception <a 'java/lang/NoSuchMethodError'{0x0000000621b25d28}: 'int java.lang.invoke.Invokers$Holder.invokeExact_MT(java.lang.Object, java.lang.Object)'> (0x0000000621b25d28) 
thrown [s\open\src\hotspot\share\interpreter\linkResolver.cpp, line 796]
Event: 0.725 Thread 0x000001c19b6c9550 Exception <a 'java/lang/NoSuchMethodError'{0x0000000621b4fb90}: 'void java.lang.invoke.DirectMethodHandle$Holder.invokeStaticInit(java.lang.Object)'> (0x0000000621b4fb90) 
thrown [s\open\src\hotspot\share\interpreter\linkResolver.cpp, line 796]
Event: 0.774 Thread 0x000001c19b6c9550 Exception <a 'sun/nio/fs/WindowsException'{0x0000000621bdffd0}> (0x0000000621bdffd0) 
thrown [s\open\src\hotspot\share\prims\jni.cpp, line 520]

VM Operations (20 events):
Event: 0.113 Executing VM operation: HandshakeAllThreads (Deoptimize)
Event: 0.113 Executing VM operation: HandshakeAllThreads (Deoptimize) done
Event: 0.203 Executing VM operation: HandshakeAllThreads (Deoptimize)
Event: 0.203 Executing VM operation: HandshakeAllThreads (Deoptimize) done
Event: 0.244 Executing VM operation: HandshakeAllThreads (Deoptimize)
Event: 0.244 Executing VM operation: HandshakeAllThreads (Deoptimize) done
Event: 0.256 Executing VM operation: HandshakeAllThreads (Deoptimize)
Event: 0.256 Executing VM operation: HandshakeAllThreads (Deoptimize) done
Event: 0.294 Executing VM operation: HandshakeAllThreads (Deoptimize)
Event: 0.294 Executing VM operation: HandshakeAllThreads (Deoptimize) done
Event: 0.343 Executing VM operation: G1CollectForAllocation (G1 Evacuation Pause)
Event: 0.346 Executing VM operation: G1CollectForAllocation (G1 Evacuation Pause) done
Event: 0.526 Executing VM operation: G1CollectForAllocation (G1 Evacuation Pause)
Event: 0.529 Executing VM operation: G1CollectForAllocation (G1 Evacuation Pause) done
Event: 0.563 Executing VM operation: HandshakeAllThreads (Deoptimize)
Event: 0.563 Executing VM operation: HandshakeAllThreads (Deoptimize) done
Event: 0.682 Executing VM operation: HandshakeAllThreads (Deoptimize)
Event: 0.682 Executing VM operation: HandshakeAllThreads (Deoptimize) done
Event: 0.782 Executing VM operation: HandshakeAllThreads (Deoptimize)
Event: 0.782 Executing VM operation: HandshakeAllThreads (Deoptimize) done

Memory protections (0 events):
No events

Nmethod flushes (0 events):
No events

Events (20 events):
Event: 0.026 Thread 0x000001c19b6c9550 Thread added: 0x000001c1c0633ec0
Event: 0.026 Thread 0x000001c19b6c9550 Thread added: 0x000001c1c06358f0
Event: 0.028 Thread 0x000001c1c06358f0 Thread added: 0x000001c1c06a3010
Event: 0.039 Thread 0x000001c19b6c9550 Thread added: 0x000001c1c07dea90
Event: 0.044 Thread 0x000001c1c06358f0 Thread added: 0x000001c1c07ea460
Event: 0.044 Thread 0x000001c1c06358f0 Thread added: 0x000001c1c07eba60
Event: 0.047 Thread 0x000001c1c07eba60 Thread added: 0x000001c1c07ee340
Event: 0.049 Thread 0x000001c19b6c9550 Thread added: 0x000001c1c085b610
Event: 0.289 Thread 0x000001c1c06358f0 Thread added: 0x000001c1c07edc70
Event: 0.311 Thread 0x000001c1c07eba60 Thread added: 0x000001c1c07eb390
Event: 0.311 Thread 0x000001c1c07eba60 Thread added: 0x000001c1c07ec800
Event: 0.582 Thread 0x000001c19b6c9550 Thread added: 0x000001c20678f040
Event: 0.582 Thread 0x000001c19b6c9550 Thread added: 0x000001c2072aedf0
Event: 0.583 Thread 0x000001c19b6c9550 Thread added: 0x000001c2064bd090
Event: 0.684 Thread 0x000001c1c07ec800 Thread exited: 0x000001c1c07ec800
Event: 0.685 Thread 0x000001c1c07eb390 Thread exited: 0x000001c1c07eb390
Event: 0.685 Thread 0x000001c1c07edc70 Thread exited: 0x000001c1c07edc70
Event: 0.685 Thread 0x000001c1c07ee340 Thread exited: 0x000001c1c07ee340
Event: 0.717 Thread 0x000001c2064bd090 Thread added: 0x000001c20814c250
Event: 0.790 Thread 0x000001c20814c250 Thread added: 0x000001c2081acb30


Dynamic libraries:
0x00007ff7ba980000 - 0x00007ff7ba990000 	C:\Program Files\Java\jdk-23\bin\java.exe
0x00007ffc3be80000 - 0x00007ffc3c0e8000 	C:\WINDOWS\SYSTEM32\ntdll.dll
0x00007ffc3af60000 - 0x00007ffc3b029000 	C:\WINDOWS\System32\KERNEL32.DLL
0x00007ffc396c0000 - 0x00007ffc39ab8000 	C:\WINDOWS\System32\KERNELBASE.dll
0x00007ffc394e0000 - 0x00007ffc3962b000 	C:\WINDOWS\System32\ucrtbase.dll
0x00007ffc28630000 - 0x00007ffc2864b000 	C:\Program Files\Java\jdk-23\bin\VCRUNTIME140.dll
0x00007ffc1f0a0000 - 0x00007ffc1f0b7000 	C:\Program Files\Java\jdk-23\bin\jli.dll
0x00007ffc3bc70000 - 0x00007ffc3be37000 	C:\WINDOWS\System32\USER32.dll
0x00007ffc394b0000 - 0x00007ffc394d7000 	C:\WINDOWS\System32\win32u.dll
0x00007ffc3a430000 - 0x00007ffc3a45b000 	C:\WINDOWS\System32\GDI32.dll
0x00007ffc258a0000 - 0x00007ffc25b34000 	C:\WINDOWS\WinSxS\amd64_microsoft.windows.common-controls_6595b64144ccf1df_6.0.26100.7019_none_3e06ffa0e335b8a8\COMCTL32.dll
0x00007ffc38fd0000 - 0x00007ffc390fc000 	C:\WINDOWS\System32\gdi32full.dll
0x00007ffc3b300000 - 0x00007ffc3b3a9000 	C:\WINDOWS\System32\msvcrt.dll
0x00007ffc39ac0000 - 0x00007ffc39b63000 	C:\WINDOWS\System32\msvcp_win.dll
0x00007ffc3b840000 - 0x00007ffc3b871000 	C:\WINDOWS\System32\IMM32.DLL
0x00007ffc2df40000 - 0x00007ffc2df4c000 	C:\Program Files\Java\jdk-23\bin\vcruntime140_1.dll
0x00007ffc0e2b0000 - 0x00007ffc0e33e000 	C:\Program Files\Java\jdk-23\bin\msvcp140.dll
0x00007ffb54830000 - 0x00007ffb5557f000 	C:\Program Files\Java\jdk-23\bin\server\jvm.dll
0x00007ffc3b140000 - 0x00007ffc3b1f4000 	C:\WINDOWS\System32\ADVAPI32.dll
0x00007ffc3b030000 - 0x00007ffc3b0d6000 	C:\WINDOWS\System32\sechost.dll
0x00007ffc3b910000 - 0x00007ffc3ba28000 	C:\WINDOWS\System32\RPCRT4.dll
0x00007ffc3a460000 - 0x00007ffc3a4d4000 	C:\WINDOWS\System32\WS2_32.dll
0x00007ffc38e30000 - 0x00007ffc38e8e000 	C:\WINDOWS\SYSTEM32\POWRPROF.dll
0x00007ffc2b900000 - 0x00007ffc2b90b000 	C:\WINDOWS\SYSTEM32\VERSION.dll
0x00007ffc2e330000 - 0x00007ffc2e365000 	C:\WINDOWS\SYSTEM32\WINMM.dll
0x00007ffc38e10000 - 0x00007ffc38e24000 	C:\WINDOWS\SYSTEM32\UMPDC.dll
0x00007ffc37d20000 - 0x00007ffc37d3b000 	C:\WINDOWS\SYSTEM32\kernel.appcore.dll
0x00007ffc2c410000 - 0x00007ffc2c41a000 	C:\Program Files\Java\jdk-23\bin\jimage.dll
0x00007ffc2cab0000 - 0x00007ffc2ccf2000 	C:\WINDOWS\SYSTEM32\DBGHELP.DLL
0x00007ffc3ab10000 - 0x00007ffc3ae9b000 	C:\WINDOWS\System32\combase.dll
0x00007ffc3a860000 - 0x00007ffc3a937000 	C:\WINDOWS\System32\OLEAUT32.dll
0x00007ffc230f0000 - 0x00007ffc2312c000 	C:\WINDOWS\SYSTEM32\dbgcore.DLL
0x00007ffc39b70000 - 0x00007ffc39c15000 	C:\WINDOWS\System32\bcryptPrimitives.dll
0x00007ffc1ee80000 - 0x00007ffc1ee9e000 	C:\Program Files\Java\jdk-23\bin\java.dll
0x00007ffc3a6c0000 - 0x00007ffc3a857000 	C:\WINDOWS\System32\ole32.dll
0x00007ffc39c20000 - 0x00007ffc3a36f000 	C:\WINDOWS\System32\SHELL32.dll
0x00007ffc39340000 - 0x00007ffc394ab000 	C:\WINDOWS\System32\wintypes.dll
0x00007ffc36ba0000 - 0x00007ffc373fd000 	C:\WINDOWS\SYSTEM32\windows.storage.dll
0x00007ffc3b200000 - 0x00007ffc3b2f2000 	C:\WINDOWS\System32\SHCORE.dll
0x00007ffc3a380000 - 0x00007ffc3a3e7000 	C:\WINDOWS\System32\shlwapi.dll
0x00007ffc38ef0000 - 0x00007ffc38f19000 	C:\WINDOWS\SYSTEM32\profapi.dll
0x00007ffc0df30000 - 0x00007ffc0e007000 	C:\Program Files\Java\jdk-23\bin\jsvml.dll
0x00007ffc28620000 - 0x00007ffc28630000 	C:\Program Files\Java\jdk-23\bin\net.dll
0x00007ffc38270000 - 0x00007ffc382db000 	C:\WINDOWS\system32\mswsock.dll
0x00007ffc1de50000 - 0x00007ffc1de66000 	C:\Program Files\Java\jdk-23\bin\nio.dll
0x00007ffc10020000 - 0x00007ffc1006f000 	C:\Users\Dane Polchin\Desktop\Folders\Java\GPU-Accelerated-Ray-Tracer\native.dll
0x00007ffb53730000 - 0x00007ffb54827000 	C:\WINDOWS\SYSTEM32\amdhip64_6.dll
0x00007ffc3b3b0000 - 0x00007ffc3b83a000 	C:\WINDOWS\System32\SETUPAPI.dll
0x00007ffb9fae0000 - 0x00007ffba6f5d000 	C:\WINDOWS\SYSTEM32\amd_comgr_2.dll
0x00007ffc09ed0000 - 0x00007ffc0a05e000 	C:\Program Files\Java\jdk-23\bin\awt.dll
0x00007ffc36010000 - 0x00007ffc360af000 	C:\WINDOWS\SYSTEM32\apphelp.dll
0x00007ffc364f0000 - 0x00007ffc36520000 	C:\WINDOWS\system32\DWMAPI.DLL
0x00007ffc36220000 - 0x00007ffc362ca000 	C:\WINDOWS\system32\uxtheme.dll
0x00007ffc25790000 - 0x00007ffc2589c000 	C:\WINDOWS\system32\opengl32.dll
0x00007ffc24740000 - 0x00007ffc2476d000 	C:\WINDOWS\SYSTEM32\GLU32.dll
0x00007ffc36320000 - 0x00007ffc36363000 	C:\WINDOWS\SYSTEM32\dxcore.dll
0x00007ffc3ba30000 - 0x00007ffc3bb8e000 	C:\WINDOWS\System32\MSCTF.dll
0x00007ffc24900000 - 0x00007ffc24ab0000 	C:\WINDOWS\system32\d3d9.dll
0x00007ffc18850000 - 0x00007ffc18870000 	C:\WINDOWS\System32\DriverStore\FileRepository\u0196283.inf_amd64_3979d16563294d92\B025522\atidx9loader64.dll
0x00007ffbb24b0000 - 0x00007ffbb4bcb000 	C:\WINDOWS\System32\DriverStore\FileRepository\u0196283.inf_amd64_3979d16563294d92\B025522\AMDXN64.DLL
0x00007ffc36390000 - 0x00007ffc364c9000 	C:\WINDOWS\SYSTEM32\dxgi.dll
0x00007ffc38ec0000 - 0x00007ffc38eea000 	C:\WINDOWS\SYSTEM32\BCrypt.dll
0x00007ffc2d840000 - 0x00007ffc2d87c000 	C:\WINDOWS\System32\DriverStore\FileRepository\u0196283.inf_amd64_3979d16563294d92\B025522\amdihk64.dll
0x00007ffc32b80000 - 0x00007ffc32be3000 	C:\WINDOWS\SYSTEM32\directxdatabasehelper.dll
0x00007ffc0e220000 - 0x00007ffc0e2a7000 	C:\Program Files\Java\jdk-23\bin\freetype.dll
0x00007ffc09df0000 - 0x00007ffc09ec7000 	C:\Program Files\Java\jdk-23\bin\fontmanager.dll
0x00007ffc2c0f0000 - 0x00007ffc2c237000 	C:\WINDOWS\SYSTEM32\textinputframework.dll
0x00007ffc25550000 - 0x00007ffc255c9000 	C:\WINDOWS\system32\Oleacc.dll
0x00007ffc38b20000 - 0x00007ffc38b4d000 	C:\WINDOWS\SYSTEM32\DEVOBJ.dll
0x00007ffc38b50000 - 0x00007ffc38ba7000 	C:\WINDOWS\SYSTEM32\cfgmgr32.dll
0x00007ffc39630000 - 0x00007ffc396af000 	C:\WINDOWS\System32\WINTRUST.dll
0x00007ffc39100000 - 0x00007ffc39277000 	C:\WINDOWS\System32\CRYPT32.dll
0x00007ffc386c0000 - 0x00007ffc386d3000 	C:\WINDOWS\SYSTEM32\MSASN1.dll
0x00007ffc38660000 - 0x00007ffc3867b000 	C:\WINDOWS\SYSTEM32\CRYPTSP.dll
0x00007ffc37c80000 - 0x00007ffc37cba000 	C:\WINDOWS\system32\rsaenh.dll
0x00007ffc384c0000 - 0x00007ffc384cc000 	C:\WINDOWS\SYSTEM32\CRYPTBASE.dll
0x00007ffc35d90000 - 0x00007ffc35eb7000 	C:\WINDOWS\SYSTEM32\CoreMessaging.dll
0x00007ffc32010000 - 0x00007ffc322f2000 	C:\WINDOWS\SYSTEM32\CoreUIComponents.dll

dbghelp: loaded successfully - version: 4.0.5 - missing functions: none
symbol engine: initialized successfully - sym options: 0x614 - pdb path: .;C:\Program Files\Java\jdk-23\bin;C:\WINDOWS\SYSTEM32;C:\WINDOWS\WinSxS\amd64_microsoft.windows.common-controls_6595b64144ccf1df_6.0.26100.7019_none_3e06ffa0e335b8a8;C:\Program Files\Java\jdk-23\bin\server;C:\Users\Dane Polchin\Desktop\Folders\Java\GPU-Accelerated-Ray-Tracer;C:\WINDOWS\System32\DriverStore\FileRepository\u0196283.inf_amd64_3979d16563294d92\B025522

VM Arguments:
jvm_args: -Djava.library.path=. --enable-native-access=ALL-UNNAMED --add-modules=ALL-DEFAULT 
java_command: jdk.compiler/com.sun.tools.javac.launcher.SourceLauncher Main.java
java_class_path (initial): .
Launcher Type: SUN_STANDARD

[Global flags]
     intx CICompilerCount                          = 12                                        {product} {ergonomic}
     uint ConcGCThreads                            = 3                                         {product} {ergonomic}
     uint G1ConcRefinementThreads                  = 13                                        {product} {ergonomic}
   size_t G1HeapRegionSize                         = 4194304                                   {product} {ergonomic}
   size_t InitialHeapSize                          = 536870912                                 {product} {ergonomic}
   size_t MarkStackSize                            = 4194304                                   {product} {ergonomic}
   size_t MarkStackSizeMax                         = 536870912                                 {product} {ergonomic}
   size_t MaxHeapSize                              = 8560574464                                {product} {ergonomic}
   size_t MaxNewSize                               = 5133828096                                {product} {ergonomic}
   size_t MinHeapDeltaBytes                        = 4194304                                   {product} {ergonomic}
   size_t MinHeapSize                              = 8388608                                   {product} {ergonomic}
    uintx NonNMethodCodeHeapSize                   = 7602176                                {pd product} {ergonomic}
    uintx NonProfiledCodeHeapSize                  = 122093568                              {pd product} {ergonomic}
    uintx ProfiledCodeHeapSize                     = 121962496                              {pd product} {ergonomic}
    uintx ReservedCodeCacheSize                    = 251658240                              {pd product} {ergonomic}
     bool SegmentedCodeCache                       = true                                      {product} {ergonomic}
   size_t SoftMaxHeapSize                          = 8560574464                             {manageable} {ergonomic}
     bool UseCompressedOops                        = true                           {product lp64_product} {ergonomic}
     bool UseG1GC                                  = true                                      {product} {ergonomic}
     bool UseLargePagesIndividualAllocation        = false                                  {pd product} {ergonomic}

Logging:
Log output configuration:
 #0: stdout all=warning uptime,level,tags foldmultilines=false
 #1: stderr all=off uptime,level,tags foldmultilines=false

Environment Variables:
PATH=C:\Program Files\Common Files\Oracle\Java\javapath;C:\Program Files (x86)\Common Files\Oracle\Java\java8path;C:\Program Files (x86)\Common Files\Oracle\Java\javapath;C:\Program Files\Microsoft Visual Studio\2022\Community\VC\Tools\MSVC\14.42.34433\bin\Hostx64\x64;C:\WINDOWS\system32;C:\WINDOWS;C:\WINDOWS\System32\Wbem;C:\WINDOWS\System32\WindowsPowerShell\v1.0\;C:\WINDOWS\System32\OpenSSH\;C:\Program Files\Git\cmd;C:\Program Files\NVIDIA GPU Computing Toolkit\CUDA\v12.8\bin;C:\Program Files\NVIDIA GPU Computing Toolkit\CUDA\v12.8\libnvvp;C:\WINDOWS\system32\config\systemprofile\AppData\Local\Microsoft\WindowsApps;C:\Program Files\Git\mingw64\bin\;C:\Program Files\Docker\Docker\resources\bin;C:\Program Files\dotnet\;C:\mingw64\bin;C:\Program Files\NVIDIA Corporation\Nsight Compute 2025.1.0\;C:\Program Files (x86)\NVIDIA Corporation\PhysX\Common;C:\Users\Dane Polchin\AppData\Local\bin\NASM;C:\Strawberry\c\bin;C:\Strawberry\perl\site\bin;C:\Strawberry\perl\bin;C:\Program Files\AMD\ROCm\6.2\bin;;C:\Program Files (x86)\DVC (Data Version Control);C:\Users\Dane Polchin\.cargo\bin;C:\Users\Dane Polchin\AppData\Local\Programs\Python\Python313\Scripts\;C:\Users\Dane Polchin\AppData\Local\Programs\Python\Python313\;C:\Users\Dane Polchin\AppData\Local\Microsoft\WindowsApps;C:\Program Files (x86)\Nmap;C:\Program Files\Git\mingw64\bin\;C:\Users\Dane Polchin\AppData\Local\Microsoft\WindowsApps;C:\Users\Dane Polchin\AppData\Local\Muse Hub\lib;C:\Users\Dane Polchin\AppData\Local\Programs\Microsoft VS Code\bin;C:\Program Files\Microsoft Visual Studio\2022\Community\VC\Tools\MSVC\14.42.34433\bin\Hostx64\x64;c:\Users\Dane Polchin\.vscode\extensions\vscjava.vscode-java-debug-0.58.3\bundled\scripts\noConfigScripts
USERNAME=Dane Polchin
LANG=en_US.UTF-8
OS=Windows_NT
PROCESSOR_IDENTIFIER=Intel64 Family 6 Model 167 Stepping 1, GenuineIntel
TMP=C:\Users\DANEPO~1\AppData\Local\Temp
TEMP=C:\Users\DANEPO~1\AppData\Local\Temp




Periodic native trim disabled

---------------  S Y S T E M  ---------------

OS:
 Windows 11 , 64 bit Build 26100 (10.0.26100.7019)
OS uptime: 0 days 8:14 hours
Hyper-V role detected

CPU: total 16 (initial active 16) (8 cores per cpu, 2 threads per core) family 6 model 167 stepping 1 microcode 0x40, cx8, cmov, fxsr, ht, mmx, 3dnowpref, sse, sse2, sse3, ssse3, sse4.1, sse4.2, popcnt, lzcnt, tsc, tscinvbit, avx, avx2, aes, erms, clmul, bmi1, bmi2, adx, avx512f, avx512dq, avx512cd, avx512bw, avx512vl, sha, fma, vzeroupper, avx512_vpopcntdq, avx512_vpclmulqdq, avx512_vaes, avx512_vnni, clflush, clflushopt, avx512_vbmi2, avx512_vbmi, hv, rdtscp, rdpid, fsrm, gfni, avx512_bitalg, f16c, avx512_ifma
Processor Information for the first 16 processors :
  Max Mhz: 3600, Current Mhz: 3600, Mhz Limit: 3600

Memory: 4k page, system-wide physical 32649M (22222M free)
TotalPageFile size 36061M (AvailPageFile size 11687M)
current process WorkingSet (physical memory assigned to process): 259M, peak: 259M
current process commit charge ("private bytes"): 923M, peak: 923M

vm_info: Java HotSpot(TM) 64-Bit Server VM (23.0.1+11-39) for windows-amd64 JRE (23.0.1+11-39), built on 2024-09-30T07:20:43Z with MS VC++ 17.6 (VS2022)

END.
